{"/Users/jimenez/Desktop/Yahoo!/Shaker/workspace/mojito-shaker/lib/resources.js":{"path":"/Users/jimenez/Desktop/Yahoo!/Shaker/workspace/mojito-shaker/lib/resources.js","s":{"1":1,"2":1,"3":4,"4":4,"5":4,"6":4,"7":4,"8":4,"9":4,"10":4,"11":4,"12":4,"13":4,"14":4,"15":4,"16":4,"17":1,"18":1,"19":1,"20":1,"21":4,"22":1,"23":1,"24":2,"25":82,"26":82,"27":30,"28":52,"29":52,"30":1,"31":1,"32":1,"33":4,"34":1,"35":1,"36":1,"37":0,"38":0,"39":0,"40":1,"41":1,"42":1,"43":1,"44":1,"45":1,"46":1,"47":8,"48":8,"49":130,"50":130,"51":7,"52":7,"53":130,"54":80,"55":50,"56":28,"57":8,"58":130,"59":130,"60":110,"61":20,"62":20,"63":1,"64":1,"65":1,"66":1,"67":1,"68":7,"69":7,"70":7,"71":1,"72":0,"73":0,"74":0,"75":1,"76":48,"77":48,"78":5,"79":5,"80":5,"81":1,"82":206,"83":206,"84":206,"85":24,"86":182,"87":182,"88":5,"89":5,"90":5,"91":5,"92":177,"93":117,"94":117,"95":117,"96":182,"97":182,"98":345,"99":345,"100":345,"101":150,"102":150,"103":150,"104":3,"105":150,"106":291,"107":291,"108":3,"109":288,"110":9,"111":9,"112":27,"113":0,"114":27,"115":279,"116":189,"117":90,"118":81,"119":291,"120":300,"121":300,"122":0,"123":300,"124":300,"125":300,"126":150,"127":345,"128":345,"129":195,"130":150,"131":150,"132":150,"133":4,"134":4,"135":4,"136":4,"137":48,"138":48,"139":16,"140":16,"141":16,"142":16,"143":0,"144":0,"145":0,"146":48,"147":6,"148":6,"149":6,"150":6,"151":48,"152":6,"153":6,"154":6,"155":6,"156":6,"157":48,"158":8,"159":0,"160":0,"161":0,"162":8,"163":8,"164":48,"165":48,"166":40,"167":40,"168":40,"169":40,"170":8,"171":8,"172":40,"173":40,"174":40,"175":40,"176":0,"177":0,"178":40,"179":0,"180":0,"181":40,"182":8,"183":40,"184":6,"185":40,"186":8,"187":8,"188":32,"189":32,"190":32,"191":48,"192":16,"193":48,"194":4,"195":4,"196":4,"197":36,"198":36,"199":28,"200":8,"201":8,"202":48,"203":48,"204":8,"205":8,"206":4,"207":4,"208":4,"209":4,"210":4,"211":4,"212":140,"213":140,"214":4,"215":4,"216":4,"217":4,"218":4,"219":4,"220":4,"221":4,"222":4,"223":4,"224":4,"225":4,"226":4,"227":4,"228":4,"229":4,"230":1,"231":1,"232":4,"233":4,"234":4,"235":1,"236":0,"237":1,"238":1,"239":4,"240":1,"241":1,"242":4,"243":1,"244":1,"245":3,"246":4,"247":0,"248":0,"249":4,"250":4,"251":0,"252":0,"253":0,"254":4,"255":4,"256":4,"257":3,"258":0,"259":3,"260":3,"261":4,"262":4,"263":4,"264":3,"265":3,"266":4,"267":18,"268":18,"269":0,"270":18,"271":3,"272":3,"273":15,"274":15,"275":9,"276":6,"277":6,"278":18,"279":30,"280":0,"281":30,"282":30,"283":104,"284":104,"285":104,"286":384,"287":384,"288":72,"289":384,"290":104,"291":156,"292":156,"293":384,"294":384,"295":104,"296":48,"297":48,"298":48,"299":0,"300":48,"301":48,"302":224,"303":2496,"304":48,"305":48,"306":48,"307":48,"308":48,"309":48,"310":48,"311":48,"312":48,"313":376,"314":320,"315":48,"316":48,"317":48,"318":0,"319":0,"320":0,"321":0,"322":0,"323":48,"324":376,"325":288,"326":88,"327":8,"328":8,"329":6,"330":8,"331":16,"332":16,"333":12,"334":16,"335":8,"336":6,"337":8,"338":40,"339":40,"340":40,"341":0,"342":0,"343":0,"344":48,"345":24,"346":24,"347":32,"348":32,"349":48,"350":48,"351":48,"352":8,"353":8,"354":8,"355":0,"356":0,"357":8,"358":8,"359":416,"360":8,"361":8,"362":8,"363":8,"364":8,"365":8,"366":8,"367":8,"368":8,"369":8,"370":0,"371":0,"372":8,"373":0,"374":0,"375":8,"376":0,"377":8,"378":2,"379":8,"380":8,"381":8,"382":8,"383":4,"384":4,"385":4,"386":1,"387":3,"388":3,"389":156,"390":156,"391":87,"392":3,"393":4,"394":4,"395":4,"396":0,"397":4,"398":4,"399":1,"400":3,"401":3,"402":0,"403":3,"404":3,"405":1101,"406":1101,"407":969,"408":969,"409":5004,"410":924,"411":924,"412":132,"413":969,"414":924,"415":924,"416":99,"417":99,"418":99,"419":3,"420":99,"421":99,"422":99,"423":99,"424":141,"425":99,"426":3,"427":1},"b":{"1":[1,3],"2":[30,52],"3":[1,1],"4":[7,123],"5":[80,50],"6":[28,22],"7":[50,28],"8":[110,20],"9":[20,0],"10":[20,20],"11":[0,0],"12":[5,43],"13":[5,0],"14":[5,0,5,0],"15":[24,182],"16":[5,177],"17":[3,288],"18":[9,279],"19":[0,27],"20":[189,90],"21":[81,9],"22":[0,300],"23":[345,99],"24":[195,150],"25":[16,0],"26":[0,16],"27":[16,8],"28":[6,42],"29":[6,0],"30":[8,40],"31":[48,0],"32":[48,48],"33":[8,32],"34":[0,40],"35":[40,40],"36":[0,40],"37":[40,40],"38":[8,32],"39":[40,32],"40":[6,34],"41":[40,24,34,16],"42":[8,32],"43":[8,0],"44":[32,24],"45":[28,8],"46":[4,0],"47":[4,0],"48":[0,4],"49":[4,2],"50":[1,3],"51":[4,1],"52":[4,0],"53":[0,4],"54":[4,4],"55":[0,1],"56":[1,0],"57":[1,0],"58":[1,3],"59":[1,3],"60":[4,1],"61":[1,1],"62":[0,4],"63":[4,1],"64":[0,0],"65":[0,3],"66":[3,1],"67":[4,4],"68":[0,18],"69":[3,15],"70":[9,6],"71":[6,0],"72":[0,30],"73":[72,312],"74":[384,0],"75":[0,48],"76":[224,104,40],"77":[224,136,104,0],"78":[2496,288,288],"79":[2496,432,336],"80":[320,56],"81":[376,320],"82":[0,0],"83":[288,88],"84":[8,16,8,40,0],"85":[6,2],"86":[12,4],"87":[6,2],"88":[40,0],"89":[40,40,16,24,24],"90":[0,0],"91":[0,8],"92":[8,8],"93":[416,72,24,16],"94":[8,0],"95":[8,8,8,0,8,8],"96":[0,8],"97":[8,8],"98":[0,8],"99":[8,8],"100":[0,8],"101":[8,8],"102":[2,6],"103":[8,8,6,0],"104":[8,8],"105":[1,3],"106":[4,4],"107":[87,69],"108":[156,27,135,75,90],"109":[0,4],"110":[1,3],"111":[4,4],"112":[0,3],"113":[969,132],"114":[924,4080],"115":[924,45],"116":[99,0],"117":[99,3]},"f":{"1":4,"2":1,"3":4,"4":2,"5":82,"6":0,"7":1,"8":8,"9":206,"10":5,"11":5,"12":117,"13":117,"14":345,"15":150,"16":291,"17":27,"18":300,"19":4,"20":48,"21":36,"22":48,"23":4,"24":4,"25":140,"26":4,"27":4,"28":4,"29":4,"30":1,"31":0,"32":4,"33":3,"34":4,"35":18,"36":15,"37":30,"38":104,"39":48,"40":48,"41":224,"42":2496,"43":48,"44":376,"45":0,"46":0,"47":376,"48":24,"49":32,"50":48,"51":8,"52":8,"53":416,"54":4,"55":4,"56":3,"57":1101,"58":5004,"59":99,"60":141},"fnMap":{"1":{"name":"ShakerResources","line":33,"loc":{"start":{"line":33,"column":0},"end":{"line":33,"column":48}}},"2":{"name":"(anonymous_2)","line":63,"loc":{"start":{"line":63,"column":22},"end":{"line":63,"column":45}}},"3":{"name":"(anonymous_3)","line":71,"loc":{"start":{"line":71,"column":38},"end":{"line":71,"column":86}}},"4":{"name":"(anonymous_4)","line":78,"loc":{"start":{"line":78,"column":36},"end":{"line":78,"column":55}}},"5":{"name":"(anonymous_5)","line":79,"loc":{"start":{"line":79,"column":43},"end":{"line":79,"column":73}}},"6":{"name":"(anonymous_6)","line":104,"loc":{"start":{"line":104,"column":29},"end":{"line":104,"column":53}}},"7":{"name":"(anonymous_7)","line":111,"loc":{"start":{"line":111,"column":24},"end":{"line":111,"column":48}}},"8":{"name":"processRess","line":128,"loc":{"start":{"line":128,"column":8},"end":{"line":128,"column":35}}},"9":{"name":"(anonymous_9)","line":192,"loc":{"start":{"line":192,"column":18},"end":{"line":192,"column":50}}},"10":{"name":"(anonymous_10)","line":212,"loc":{"start":{"line":212,"column":28},"end":{"line":212,"column":48}}},"11":{"name":"(anonymous_11)","line":213,"loc":{"start":{"line":213,"column":96},"end":{"line":213,"column":120}}},"12":{"name":"(anonymous_12)","line":219,"loc":{"start":{"line":219,"column":28},"end":{"line":219,"column":48}}},"13":{"name":"(anonymous_13)","line":220,"loc":{"start":{"line":220,"column":51},"end":{"line":220,"column":75}}},"14":{"name":"(anonymous_14)","line":231,"loc":{"start":{"line":231,"column":21},"end":{"line":231,"column":58}}},"15":{"name":"getDependencies","line":240,"loc":{"start":{"line":240,"column":8},"end":{"line":240,"column":46}}},"16":{"name":"(anonymous_16)","line":250,"loc":{"start":{"line":250,"column":42},"end":{"line":250,"column":68}}},"17":{"name":"(anonymous_17)","line":259,"loc":{"start":{"line":259,"column":62},"end":{"line":259,"column":80}}},"18":{"name":"(anonymous_18)","line":273,"loc":{"start":{"line":273,"column":46},"end":{"line":273,"column":71}}},"19":{"name":"(anonymous_19)","line":301,"loc":{"start":{"line":301,"column":19},"end":{"line":301,"column":31}}},"20":{"name":"addMojitResources","line":312,"loc":{"start":{"line":312,"column":8},"end":{"line":312,"column":64}}},"21":{"name":"(anonymous_21)","line":440,"loc":{"start":{"line":440,"column":31},"end":{"line":440,"column":50}}},"22":{"name":"(anonymous_22)","line":453,"loc":{"start":{"line":453,"column":33},"end":{"line":453,"column":50}}},"23":{"name":"(anonymous_23)","line":467,"loc":{"start":{"line":467,"column":18},"end":{"line":467,"column":30}}},"24":{"name":"(anonymous_24)","line":472,"loc":{"start":{"line":472,"column":16},"end":{"line":472,"column":28}}},"25":{"name":"(anonymous_25)","line":477,"loc":{"start":{"line":477,"column":25},"end":{"line":477,"column":44}}},"26":{"name":"(anonymous_26)","line":482,"loc":{"start":{"line":482,"column":16},"end":{"line":482,"column":31}}},"27":{"name":"(anonymous_27)","line":490,"loc":{"start":{"line":490,"column":28},"end":{"line":490,"column":40}}},"28":{"name":"(anonymous_28)","line":493,"loc":{"start":{"line":493,"column":19},"end":{"line":493,"column":37}}},"29":{"name":"(anonymous_29)","line":504,"loc":{"start":{"line":504,"column":22},"end":{"line":504,"column":41}}},"30":{"name":"(anonymous_30)","line":521,"loc":{"start":{"line":521,"column":50},"end":{"line":521,"column":82}}},"31":{"name":"(anonymous_31)","line":565,"loc":{"start":{"line":565,"column":22},"end":{"line":565,"column":41}}},"32":{"name":"(anonymous_32)","line":576,"loc":{"start":{"line":576,"column":18},"end":{"line":576,"column":30}}},"33":{"name":"(anonymous_33)","line":580,"loc":{"start":{"line":580,"column":58},"end":{"line":580,"column":97}}},"34":{"name":"(anonymous_34)","line":590,"loc":{"start":{"line":590,"column":15},"end":{"line":590,"column":27}}},"35":{"name":"(anonymous_35)","line":601,"loc":{"start":{"line":601,"column":55},"end":{"line":601,"column":91}}},"36":{"name":"(anonymous_36)","line":611,"loc":{"start":{"line":611,"column":53},"end":{"line":611,"column":71}}},"37":{"name":"(anonymous_37)","line":621,"loc":{"start":{"line":621,"column":39},"end":{"line":621,"column":62}}},"38":{"name":"(anonymous_38)","line":632,"loc":{"start":{"line":632,"column":38},"end":{"line":632,"column":59}}},"39":{"name":"(anonymous_39)","line":659,"loc":{"start":{"line":659,"column":17},"end":{"line":659,"column":47}}},"40":{"name":"getMojitResourcesByContext","line":677,"loc":{"start":{"line":677,"column":8},"end":{"line":677,"column":60}}},"41":{"name":"(anonymous_41)","line":679,"loc":{"start":{"line":679,"column":47},"end":{"line":679,"column":63}}},"42":{"name":"(anonymous_42)","line":686,"loc":{"start":{"line":686,"column":48},"end":{"line":686,"column":64}}},"43":{"name":"getYUIModuleNamesFromResources","line":702,"loc":{"start":{"line":702,"column":8},"end":{"line":702,"column":62}}},"44":{"name":"(anonymous_44)","line":704,"loc":{"start":{"line":704,"column":33},"end":{"line":704,"column":54}}},"45":{"name":"matchDependencies","line":714,"loc":{"start":{"line":714,"column":8},"end":{"line":714,"column":64}}},"46":{"name":"(anonymous_46)","line":716,"loc":{"start":{"line":716,"column":42},"end":{"line":716,"column":65}}},"47":{"name":"(anonymous_47)","line":725,"loc":{"start":{"line":725,"column":29},"end":{"line":725,"column":52}}},"48":{"name":"(anonymous_48)","line":768,"loc":{"start":{"line":768,"column":17},"end":{"line":768,"column":35}}},"49":{"name":"(anonymous_49)","line":770,"loc":{"start":{"line":770,"column":30},"end":{"line":770,"column":58}}},"50":{"name":"(anonymous_50)","line":772,"loc":{"start":{"line":772,"column":37},"end":{"line":772,"column":52}}},"51":{"name":"(anonymous_51)","line":780,"loc":{"start":{"line":780,"column":15},"end":{"line":780,"column":43}}},"52":{"name":"getAppResourcesByContext","line":797,"loc":{"start":{"line":797,"column":8},"end":{"line":797,"column":60}}},"53":{"name":"(anonymous_53)","line":799,"loc":{"start":{"line":799,"column":45},"end":{"line":799,"column":61}}},"54":{"name":"(anonymous_54)","line":854,"loc":{"start":{"line":854,"column":25},"end":{"line":854,"column":37}}},"55":{"name":"(anonymous_55)","line":879,"loc":{"start":{"line":879,"column":22},"end":{"line":879,"column":34}}},"56":{"name":"(anonymous_56)","line":900,"loc":{"start":{"line":900,"column":20},"end":{"line":900,"column":41}}},"57":{"name":"(anonymous_57)","line":911,"loc":{"start":{"line":911,"column":34},"end":{"line":911,"column":52}}},"58":{"name":"(anonymous_58)","line":920,"loc":{"start":{"line":920,"column":40},"end":{"line":920,"column":56}}},"59":{"name":"(anonymous_59)","line":937,"loc":{"start":{"line":937,"column":40},"end":{"line":937,"column":52}}},"60":{"name":"(anonymous_60)","line":963,"loc":{"start":{"line":963,"column":50},"end":{"line":963,"column":62}}}},"statementMap":{"1":{"start":{"line":3,"column":0},"end":{"line":31,"column":6}},"2":{"start":{"line":33,"column":0},"end":{"line":59,"column":1}},"3":{"start":{"line":34,"column":4},"end":{"line":34,"column":17}},"4":{"start":{"line":35,"column":4},"end":{"line":35,"column":25}},"5":{"start":{"line":36,"column":4},"end":{"line":36,"column":29}},"6":{"start":{"line":37,"column":4},"end":{"line":37,"column":21}},"7":{"start":{"line":39,"column":4},"end":{"line":42,"column":7}},"8":{"start":{"line":44,"column":4},"end":{"line":44,"column":27}},"9":{"start":{"line":45,"column":4},"end":{"line":45,"column":55}},"10":{"start":{"line":46,"column":4},"end":{"line":50,"column":6}},"11":{"start":{"line":51,"column":4},"end":{"line":51,"column":27}},"12":{"start":{"line":52,"column":4},"end":{"line":52,"column":30}},"13":{"start":{"line":54,"column":4},"end":{"line":54,"column":31}},"14":{"start":{"line":55,"column":4},"end":{"line":55,"column":28}},"15":{"start":{"line":56,"column":4},"end":{"line":56,"column":57}},"16":{"start":{"line":58,"column":4},"end":{"line":58,"column":25}},"17":{"start":{"line":61,"column":0},"end":{"line":976,"column":2}},"18":{"start":{"line":64,"column":8},"end":{"line":64,"column":21}},"19":{"start":{"line":65,"column":8},"end":{"line":68,"column":32}},"20":{"start":{"line":71,"column":8},"end":{"line":96,"column":10}},"21":{"start":{"line":72,"column":12},"end":{"line":93,"column":13}},"22":{"start":{"line":73,"column":16},"end":{"line":76,"column":18}},"23":{"start":{"line":78,"column":16},"end":{"line":88,"column":19}},"24":{"start":{"line":79,"column":20},"end":{"line":87,"column":23}},"25":{"start":{"line":80,"column":24},"end":{"line":80,"column":53}},"26":{"start":{"line":81,"column":24},"end":{"line":86,"column":25}},"27":{"start":{"line":82,"column":28},"end":{"line":82,"column":76}},"28":{"start":{"line":84,"column":28},"end":{"line":84,"column":47}},"29":{"start":{"line":85,"column":28},"end":{"line":85,"column":50}},"30":{"start":{"line":90,"column":16},"end":{"line":90,"column":67}},"31":{"start":{"line":91,"column":16},"end":{"line":91,"column":67}},"32":{"start":{"line":92,"column":16},"end":{"line":92,"column":44}},"33":{"start":{"line":95,"column":12},"end":{"line":95,"column":77}},"34":{"start":{"line":99,"column":8},"end":{"line":99,"column":46}},"35":{"start":{"line":100,"column":8},"end":{"line":100,"column":45}},"36":{"start":{"line":101,"column":8},"end":{"line":101,"column":58}},"37":{"start":{"line":105,"column":8},"end":{"line":105,"column":21}},"38":{"start":{"line":107,"column":8},"end":{"line":107,"column":46}},"39":{"start":{"line":108,"column":8},"end":{"line":108,"column":57}},"40":{"start":{"line":112,"column":8},"end":{"line":112,"column":21}},"41":{"start":{"line":113,"column":8},"end":{"line":119,"column":28}},"42":{"start":{"line":121,"column":8},"end":{"line":121,"column":44}},"43":{"start":{"line":122,"column":8},"end":{"line":122,"column":55}},"44":{"start":{"line":125,"column":8},"end":{"line":125,"column":54}},"45":{"start":{"line":126,"column":8},"end":{"line":126,"column":67}},"46":{"start":{"line":128,"column":8},"end":{"line":153,"column":9}},"47":{"start":{"line":129,"column":12},"end":{"line":130,"column":20}},"48":{"start":{"line":131,"column":12},"end":{"line":143,"column":13}},"49":{"start":{"line":132,"column":16},"end":{"line":132,"column":30}},"50":{"start":{"line":133,"column":16},"end":{"line":136,"column":17}},"51":{"start":{"line":134,"column":20},"end":{"line":134,"column":46}},"52":{"start":{"line":135,"column":20},"end":{"line":135,"column":46}},"53":{"start":{"line":137,"column":16},"end":{"line":139,"column":17}},"54":{"start":{"line":138,"column":20},"end":{"line":138,"column":29}},"55":{"start":{"line":140,"column":16},"end":{"line":142,"column":17}},"56":{"start":{"line":141,"column":20},"end":{"line":141,"column":51}},"57":{"start":{"line":144,"column":12},"end":{"line":152,"column":13}},"58":{"start":{"line":145,"column":16},"end":{"line":145,"column":30}},"59":{"start":{"line":146,"column":16},"end":{"line":148,"column":17}},"60":{"start":{"line":147,"column":20},"end":{"line":147,"column":29}},"61":{"start":{"line":149,"column":16},"end":{"line":151,"column":17}},"62":{"start":{"line":150,"column":20},"end":{"line":150,"column":51}},"63":{"start":{"line":155,"column":8},"end":{"line":155,"column":50}},"64":{"start":{"line":156,"column":8},"end":{"line":156,"column":26}},"65":{"start":{"line":158,"column":8},"end":{"line":158,"column":44}},"66":{"start":{"line":159,"column":8},"end":{"line":159,"column":30}},"67":{"start":{"line":160,"column":8},"end":{"line":164,"column":9}},"68":{"start":{"line":161,"column":12},"end":{"line":161,"column":30}},"69":{"start":{"line":162,"column":12},"end":{"line":162,"column":66}},"70":{"start":{"line":163,"column":12},"end":{"line":163,"column":30}},"71":{"start":{"line":166,"column":8},"end":{"line":172,"column":9}},"72":{"start":{"line":167,"column":12},"end":{"line":167,"column":46}},"73":{"start":{"line":169,"column":12},"end":{"line":171,"column":13}},"74":{"start":{"line":170,"column":16},"end":{"line":170,"column":50}},"75":{"start":{"line":175,"column":8},"end":{"line":188,"column":9}},"76":{"start":{"line":176,"column":12},"end":{"line":176,"column":33}},"77":{"start":{"line":178,"column":12},"end":{"line":187,"column":13}},"78":{"start":{"line":182,"column":16},"end":{"line":185,"column":17}},"79":{"start":{"line":183,"column":20},"end":{"line":183,"column":41}},"80":{"start":{"line":184,"column":20},"end":{"line":184,"column":76}},"81":{"start":{"line":189,"column":8},"end":{"line":189,"column":36}},"82":{"start":{"line":193,"column":8},"end":{"line":193,"column":21}},"83":{"start":{"line":194,"column":8},"end":{"line":195,"column":58}},"84":{"start":{"line":197,"column":8},"end":{"line":199,"column":9}},"85":{"start":{"line":198,"column":12},"end":{"line":198,"column":28}},"86":{"start":{"line":201,"column":8},"end":{"line":209,"column":10}},"87":{"start":{"line":211,"column":8},"end":{"line":225,"column":9}},"88":{"start":{"line":212,"column":12},"end":{"line":217,"column":14}},"89":{"start":{"line":213,"column":16},"end":{"line":216,"column":19}},"90":{"start":{"line":214,"column":20},"end":{"line":214,"column":58}},"91":{"start":{"line":215,"column":20},"end":{"line":215,"column":52}},"92":{"start":{"line":219,"column":12},"end":{"line":224,"column":14}},"93":{"start":{"line":220,"column":16},"end":{"line":223,"column":19}},"94":{"start":{"line":221,"column":20},"end":{"line":221,"column":47}},"95":{"start":{"line":222,"column":20},"end":{"line":222,"column":43}},"96":{"start":{"line":227,"column":8},"end":{"line":227,"column":54}},"97":{"start":{"line":228,"column":8},"end":{"line":228,"column":24}},"98":{"start":{"line":232,"column":8},"end":{"line":232,"column":21}},"99":{"start":{"line":233,"column":8},"end":{"line":238,"column":24}},"100":{"start":{"line":240,"column":8},"end":{"line":285,"column":9}},"101":{"start":{"line":241,"column":12},"end":{"line":242,"column":28}},"102":{"start":{"line":244,"column":12},"end":{"line":248,"column":13}},"103":{"start":{"line":245,"column":16},"end":{"line":245,"column":84}},"104":{"start":{"line":247,"column":16},"end":{"line":247,"column":37}},"105":{"start":{"line":250,"column":12},"end":{"line":283,"column":15}},"106":{"start":{"line":251,"column":16},"end":{"line":251,"column":36}},"107":{"start":{"line":254,"column":16},"end":{"line":271,"column":17}},"108":{"start":{"line":255,"column":20},"end":{"line":255,"column":69}},"109":{"start":{"line":256,"column":23},"end":{"line":271,"column":17}},"110":{"start":{"line":258,"column":20},"end":{"line":258,"column":41}},"111":{"start":{"line":259,"column":20},"end":{"line":264,"column":23}},"112":{"start":{"line":260,"column":24},"end":{"line":262,"column":25}},"113":{"start":{"line":261,"column":28},"end":{"line":261,"column":35}},"114":{"start":{"line":263,"column":24},"end":{"line":263,"column":90}},"115":{"start":{"line":265,"column":23},"end":{"line":271,"column":17}},"116":{"start":{"line":267,"column":20},"end":{"line":267,"column":92}},"117":{"start":{"line":268,"column":23},"end":{"line":271,"column":17}},"118":{"start":{"line":270,"column":20},"end":{"line":270,"column":78}},"119":{"start":{"line":273,"column":16},"end":{"line":282,"column":19}},"120":{"start":{"line":274,"column":20},"end":{"line":274,"column":35}},"121":{"start":{"line":276,"column":20},"end":{"line":278,"column":21}},"122":{"start":{"line":277,"column":24},"end":{"line":277,"column":31}},"123":{"start":{"line":279,"column":20},"end":{"line":279,"column":83}},"124":{"start":{"line":280,"column":20},"end":{"line":280,"column":82}},"125":{"start":{"line":281,"column":20},"end":{"line":281,"column":62}},"126":{"start":{"line":284,"column":12},"end":{"line":284,"column":32}},"127":{"start":{"line":287,"column":8},"end":{"line":287,"column":79}},"128":{"start":{"line":290,"column":8},"end":{"line":292,"column":9}},"129":{"start":{"line":291,"column":12},"end":{"line":291,"column":54}},"130":{"start":{"line":294,"column":8},"end":{"line":294,"column":56}},"131":{"start":{"line":296,"column":8},"end":{"line":296,"column":61}},"132":{"start":{"line":298,"column":8},"end":{"line":298,"column":24}},"133":{"start":{"line":302,"column":8},"end":{"line":302,"column":21}},"134":{"start":{"line":303,"column":8},"end":{"line":308,"column":29}},"135":{"start":{"line":310,"column":8},"end":{"line":310,"column":61}},"136":{"start":{"line":312,"column":8},"end":{"line":434,"column":9}},"137":{"start":{"line":313,"column":12},"end":{"line":326,"column":30}},"138":{"start":{"line":329,"column":12},"end":{"line":339,"column":13}},"139":{"start":{"line":330,"column":16},"end":{"line":330,"column":44}},"140":{"start":{"line":331,"column":16},"end":{"line":333,"column":17}},"141":{"start":{"line":332,"column":20},"end":{"line":332,"column":55}},"142":{"start":{"line":334,"column":16},"end":{"line":338,"column":17}},"143":{"start":{"line":335,"column":20},"end":{"line":335,"column":60}},"144":{"start":{"line":336,"column":20},"end":{"line":336,"column":70}},"145":{"start":{"line":337,"column":20},"end":{"line":337,"column":59}},"146":{"start":{"line":342,"column":12},"end":{"line":349,"column":13}},"147":{"start":{"line":343,"column":16},"end":{"line":343,"column":53}},"148":{"start":{"line":345,"column":16},"end":{"line":345,"column":106}},"149":{"start":{"line":346,"column":16},"end":{"line":348,"column":17}},"150":{"start":{"line":347,"column":20},"end":{"line":347,"column":65}},"151":{"start":{"line":352,"column":12},"end":{"line":360,"column":13}},"152":{"start":{"line":353,"column":16},"end":{"line":353,"column":53}},"153":{"start":{"line":354,"column":16},"end":{"line":354,"column":42}},"154":{"start":{"line":356,"column":16},"end":{"line":356,"column":106}},"155":{"start":{"line":358,"column":16},"end":{"line":358,"column":70}},"156":{"start":{"line":359,"column":16},"end":{"line":359,"column":57}},"157":{"start":{"line":363,"column":12},"end":{"line":372,"column":13}},"158":{"start":{"line":364,"column":16},"end":{"line":368,"column":17}},"159":{"start":{"line":365,"column":20},"end":{"line":365,"column":55}},"160":{"start":{"line":366,"column":20},"end":{"line":366,"column":110}},"161":{"start":{"line":367,"column":20},"end":{"line":367,"column":41}},"162":{"start":{"line":369,"column":16},"end":{"line":371,"column":17}},"163":{"start":{"line":370,"column":20},"end":{"line":370,"column":57}},"164":{"start":{"line":376,"column":12},"end":{"line":431,"column":13}},"165":{"start":{"line":377,"column":16},"end":{"line":425,"column":17}},"166":{"start":{"line":378,"column":20},"end":{"line":378,"column":56}},"167":{"start":{"line":380,"column":20},"end":{"line":380,"column":39}},"168":{"start":{"line":381,"column":20},"end":{"line":387,"column":21}},"169":{"start":{"line":383,"column":24},"end":{"line":386,"column":25}},"170":{"start":{"line":384,"column":28},"end":{"line":384,"column":49}},"171":{"start":{"line":385,"column":28},"end":{"line":385,"column":34}},"172":{"start":{"line":389,"column":20},"end":{"line":389,"column":83}},"173":{"start":{"line":391,"column":20},"end":{"line":391,"column":57}},"174":{"start":{"line":392,"column":20},"end":{"line":392,"column":68}},"175":{"start":{"line":395,"column":20},"end":{"line":399,"column":21}},"176":{"start":{"line":397,"column":24},"end":{"line":397,"column":63}},"177":{"start":{"line":398,"column":24},"end":{"line":398,"column":33}},"178":{"start":{"line":402,"column":20},"end":{"line":409,"column":21}},"179":{"start":{"line":403,"column":24},"end":{"line":403,"column":47}},"180":{"start":{"line":405,"column":24},"end":{"line":405,"column":33}},"181":{"start":{"line":406,"column":27},"end":{"line":409,"column":21}},"182":{"start":{"line":408,"column":24},"end":{"line":408,"column":47}},"183":{"start":{"line":411,"column":20},"end":{"line":414,"column":21}},"184":{"start":{"line":413,"column":24},"end":{"line":413,"column":51}},"185":{"start":{"line":416,"column":20},"end":{"line":424,"column":21}},"186":{"start":{"line":417,"column":24},"end":{"line":417,"column":138}},"187":{"start":{"line":418,"column":24},"end":{"line":418,"column":105}},"188":{"start":{"line":420,"column":24},"end":{"line":423,"column":25}},"189":{"start":{"line":421,"column":28},"end":{"line":421,"column":132}},"190":{"start":{"line":422,"column":28},"end":{"line":422,"column":104}},"191":{"start":{"line":428,"column":16},"end":{"line":430,"column":17}},"192":{"start":{"line":429,"column":20},"end":{"line":429,"column":68}},"193":{"start":{"line":433,"column":12},"end":{"line":433,"column":80}},"194":{"start":{"line":437,"column":8},"end":{"line":437,"column":35}},"195":{"start":{"line":438,"column":8},"end":{"line":438,"column":32}},"196":{"start":{"line":440,"column":8},"end":{"line":461,"column":11}},"197":{"start":{"line":441,"column":12},"end":{"line":442,"column":41}},"198":{"start":{"line":444,"column":12},"end":{"line":446,"column":13}},"199":{"start":{"line":445,"column":16},"end":{"line":445,"column":23}},"200":{"start":{"line":448,"column":12},"end":{"line":451,"column":14}},"201":{"start":{"line":453,"column":12},"end":{"line":456,"column":15}},"202":{"start":{"line":454,"column":16},"end":{"line":454,"column":63}},"203":{"start":{"line":455,"column":16},"end":{"line":455,"column":63}},"204":{"start":{"line":458,"column":12},"end":{"line":458,"column":45}},"205":{"start":{"line":460,"column":12},"end":{"line":460,"column":40}},"206":{"start":{"line":463,"column":8},"end":{"line":463,"column":28}},"207":{"start":{"line":464,"column":8},"end":{"line":464,"column":25}},"208":{"start":{"line":468,"column":8},"end":{"line":468,"column":21}},"209":{"start":{"line":469,"column":8},"end":{"line":469,"column":55}},"210":{"start":{"line":473,"column":8},"end":{"line":473,"column":21}},"211":{"start":{"line":474,"column":8},"end":{"line":474,"column":42}},"212":{"start":{"line":478,"column":8},"end":{"line":478,"column":21}},"213":{"start":{"line":479,"column":8},"end":{"line":479,"column":63}},"214":{"start":{"line":483,"column":8},"end":{"line":483,"column":21}},"215":{"start":{"line":484,"column":8},"end":{"line":485,"column":18}},"216":{"start":{"line":487,"column":8},"end":{"line":487,"column":52}},"217":{"start":{"line":490,"column":8},"end":{"line":497,"column":10}},"218":{"start":{"line":491,"column":12},"end":{"line":491,"column":39}},"219":{"start":{"line":492,"column":12},"end":{"line":492,"column":47}},"220":{"start":{"line":493,"column":12},"end":{"line":496,"column":14}},"221":{"start":{"line":494,"column":16},"end":{"line":494,"column":37}},"222":{"start":{"line":495,"column":16},"end":{"line":495,"column":35}},"223":{"start":{"line":499,"column":8},"end":{"line":499,"column":38}},"224":{"start":{"line":500,"column":8},"end":{"line":500,"column":42}},"225":{"start":{"line":501,"column":8},"end":{"line":501,"column":21}},"226":{"start":{"line":505,"column":8},"end":{"line":505,"column":21}},"227":{"start":{"line":507,"column":8},"end":{"line":508,"column":50}},"228":{"start":{"line":511,"column":8},"end":{"line":511,"column":105}},"229":{"start":{"line":512,"column":8},"end":{"line":515,"column":9}},"230":{"start":{"line":513,"column":9},"end":{"line":513,"column":114}},"231":{"start":{"line":514,"column":9},"end":{"line":514,"column":37}},"232":{"start":{"line":516,"column":8},"end":{"line":555,"column":9}},"233":{"start":{"line":517,"column":12},"end":{"line":518,"column":48}},"234":{"start":{"line":521,"column":12},"end":{"line":529,"column":15}},"235":{"start":{"line":522,"column":16},"end":{"line":528,"column":17}},"236":{"start":{"line":524,"column":20},"end":{"line":524,"column":64}},"237":{"start":{"line":525,"column":23},"end":{"line":528,"column":17}},"238":{"start":{"line":527,"column":20},"end":{"line":527,"column":72}},"239":{"start":{"line":532,"column":12},"end":{"line":535,"column":13}},"240":{"start":{"line":533,"column":16},"end":{"line":533,"column":51}},"241":{"start":{"line":534,"column":16},"end":{"line":534,"column":54}},"242":{"start":{"line":538,"column":12},"end":{"line":547,"column":13}},"243":{"start":{"line":539,"column":16},"end":{"line":541,"column":18}},"244":{"start":{"line":543,"column":16},"end":{"line":543,"column":101}},"245":{"start":{"line":546,"column":16},"end":{"line":546,"column":87}},"246":{"start":{"line":550,"column":12},"end":{"line":553,"column":13}},"247":{"start":{"line":551,"column":16},"end":{"line":551,"column":76}},"248":{"start":{"line":552,"column":16},"end":{"line":552,"column":72}},"249":{"start":{"line":557,"column":8},"end":{"line":561,"column":10}},"250":{"start":{"line":562,"column":8},"end":{"line":562,"column":28}},"251":{"start":{"line":566,"column":8},"end":{"line":566,"column":21}},"252":{"start":{"line":567,"column":8},"end":{"line":567,"column":57}},"253":{"start":{"line":569,"column":8},"end":{"line":573,"column":10}},"254":{"start":{"line":577,"column":8},"end":{"line":577,"column":21}},"255":{"start":{"line":578,"column":8},"end":{"line":578,"column":24}},"256":{"start":{"line":580,"column":8},"end":{"line":587,"column":11}},"257":{"start":{"line":581,"column":12},"end":{"line":583,"column":13}},"258":{"start":{"line":582,"column":16},"end":{"line":582,"column":23}},"259":{"start":{"line":584,"column":12},"end":{"line":585,"column":65}},"260":{"start":{"line":586,"column":12},"end":{"line":586,"column":71}},"261":{"start":{"line":591,"column":8},"end":{"line":591,"column":21}},"262":{"start":{"line":592,"column":8},"end":{"line":593,"column":21}},"263":{"start":{"line":596,"column":8},"end":{"line":599,"column":9}},"264":{"start":{"line":597,"column":12},"end":{"line":597,"column":97}},"265":{"start":{"line":598,"column":12},"end":{"line":598,"column":35}},"266":{"start":{"line":601,"column":8},"end":{"line":628,"column":11}},"267":{"start":{"line":602,"column":12},"end":{"line":602,"column":29}},"268":{"start":{"line":604,"column":12},"end":{"line":606,"column":13}},"269":{"start":{"line":605,"column":16},"end":{"line":605,"column":23}},"270":{"start":{"line":608,"column":12},"end":{"line":619,"column":13}},"271":{"start":{"line":610,"column":16},"end":{"line":610,"column":34}},"272":{"start":{"line":611,"column":16},"end":{"line":613,"column":19}},"273":{"start":{"line":612,"column":20},"end":{"line":612,"column":83}},"274":{"start":{"line":614,"column":19},"end":{"line":619,"column":13}},"275":{"start":{"line":616,"column":16},"end":{"line":616,"column":80}},"276":{"start":{"line":617,"column":19},"end":{"line":619,"column":13}},"277":{"start":{"line":618,"column":16},"end":{"line":618,"column":69}},"278":{"start":{"line":621,"column":12},"end":{"line":627,"column":15}},"279":{"start":{"line":622,"column":16},"end":{"line":624,"column":17}},"280":{"start":{"line":623,"column":20},"end":{"line":623,"column":27}},"281":{"start":{"line":625,"column":16},"end":{"line":625,"column":65}},"282":{"start":{"line":626,"column":16},"end":{"line":626,"column":69}},"283":{"start":{"line":633,"column":8},"end":{"line":633,"column":21}},"284":{"start":{"line":634,"column":8},"end":{"line":640,"column":21}},"285":{"start":{"line":641,"column":8},"end":{"line":647,"column":9}},"286":{"start":{"line":642,"column":12},"end":{"line":642,"column":26}},"287":{"start":{"line":643,"column":12},"end":{"line":645,"column":13}},"288":{"start":{"line":644,"column":16},"end":{"line":644,"column":46}},"289":{"start":{"line":646,"column":12},"end":{"line":646,"column":51}},"290":{"start":{"line":648,"column":8},"end":{"line":655,"column":9}},"291":{"start":{"line":649,"column":12},"end":{"line":649,"column":35}},"292":{"start":{"line":650,"column":12},"end":{"line":654,"column":13}},"293":{"start":{"line":651,"column":16},"end":{"line":653,"column":17}},"294":{"start":{"line":652,"column":20},"end":{"line":652,"column":53}},"295":{"start":{"line":656,"column":8},"end":{"line":656,"column":36}},"296":{"start":{"line":660,"column":8},"end":{"line":660,"column":21}},"297":{"start":{"line":661,"column":8},"end":{"line":671,"column":14}},"298":{"start":{"line":673,"column":8},"end":{"line":675,"column":9}},"299":{"start":{"line":674,"column":12},"end":{"line":674,"column":34}},"300":{"start":{"line":677,"column":8},"end":{"line":698,"column":9}},"301":{"start":{"line":678,"column":12},"end":{"line":690,"column":18}},"302":{"start":{"line":681,"column":20},"end":{"line":683,"column":101}},"303":{"start":{"line":687,"column":20},"end":{"line":689,"column":101}},"304":{"start":{"line":693,"column":12},"end":{"line":693,"column":81}},"305":{"start":{"line":694,"column":12},"end":{"line":694,"column":88}},"306":{"start":{"line":695,"column":12},"end":{"line":695,"column":84}},"307":{"start":{"line":696,"column":12},"end":{"line":696,"column":90}},"308":{"start":{"line":697,"column":12},"end":{"line":697,"column":58}},"309":{"start":{"line":700,"column":8},"end":{"line":700,"column":70}},"310":{"start":{"line":702,"column":8},"end":{"line":710,"column":9}},"311":{"start":{"line":703,"column":12},"end":{"line":703,"column":31}},"312":{"start":{"line":704,"column":12},"end":{"line":708,"column":15}},"313":{"start":{"line":705,"column":16},"end":{"line":707,"column":17}},"314":{"start":{"line":706,"column":20},"end":{"line":706,"column":52}},"315":{"start":{"line":709,"column":12},"end":{"line":709,"column":29}},"316":{"start":{"line":712,"column":8},"end":{"line":712,"column":83}},"317":{"start":{"line":714,"column":8},"end":{"line":722,"column":9}},"318":{"start":{"line":715,"column":12},"end":{"line":715,"column":29}},"319":{"start":{"line":716,"column":12},"end":{"line":720,"column":15}},"320":{"start":{"line":717,"column":16},"end":{"line":719,"column":17}},"321":{"start":{"line":718,"column":20},"end":{"line":718,"column":53}},"322":{"start":{"line":721,"column":12},"end":{"line":721,"column":27}},"323":{"start":{"line":725,"column":8},"end":{"line":763,"column":11}},"324":{"start":{"line":726,"column":12},"end":{"line":728,"column":13}},"325":{"start":{"line":727,"column":16},"end":{"line":727,"column":23}},"326":{"start":{"line":729,"column":12},"end":{"line":762,"column":13}},"327":{"start":{"line":732,"column":16},"end":{"line":732,"column":53}},"328":{"start":{"line":734,"column":16},"end":{"line":736,"column":17}},"329":{"start":{"line":735,"column":20},"end":{"line":735,"column":60}},"330":{"start":{"line":737,"column":16},"end":{"line":737,"column":22}},"331":{"start":{"line":739,"column":16},"end":{"line":739,"column":64}},"332":{"start":{"line":740,"column":16},"end":{"line":742,"column":17}},"333":{"start":{"line":741,"column":20},"end":{"line":741,"column":72}},"334":{"start":{"line":743,"column":16},"end":{"line":743,"column":22}},"335":{"start":{"line":745,"column":16},"end":{"line":747,"column":17}},"336":{"start":{"line":746,"column":20},"end":{"line":746,"column":74}},"337":{"start":{"line":748,"column":16},"end":{"line":748,"column":22}},"338":{"start":{"line":750,"column":16},"end":{"line":754,"column":17}},"339":{"start":{"line":753,"column":20},"end":{"line":753,"column":73}},"340":{"start":{"line":755,"column":16},"end":{"line":755,"column":22}},"341":{"start":{"line":758,"column":16},"end":{"line":760,"column":17}},"342":{"start":{"line":759,"column":20},"end":{"line":759,"column":72}},"343":{"start":{"line":761,"column":16},"end":{"line":761,"column":22}},"344":{"start":{"line":765,"column":8},"end":{"line":765,"column":30}},"345":{"start":{"line":769,"column":8},"end":{"line":769,"column":21}},"346":{"start":{"line":770,"column":8},"end":{"line":777,"column":11}},"347":{"start":{"line":771,"column":12},"end":{"line":771,"column":60}},"348":{"start":{"line":772,"column":12},"end":{"line":776,"column":15}},"349":{"start":{"line":773,"column":16},"end":{"line":773,"column":44}},"350":{"start":{"line":774,"column":16},"end":{"line":774,"column":39}},"351":{"start":{"line":775,"column":16},"end":{"line":775,"column":40}},"352":{"start":{"line":781,"column":8},"end":{"line":781,"column":21}},"353":{"start":{"line":782,"column":8},"end":{"line":789,"column":26}},"354":{"start":{"line":792,"column":8},"end":{"line":795,"column":9}},"355":{"start":{"line":793,"column":12},"end":{"line":793,"column":62}},"356":{"start":{"line":794,"column":12},"end":{"line":794,"column":19}},"357":{"start":{"line":797,"column":8},"end":{"line":806,"column":9}},"358":{"start":{"line":798,"column":12},"end":{"line":803,"column":18}},"359":{"start":{"line":801,"column":20},"end":{"line":802,"column":101}},"360":{"start":{"line":804,"column":12},"end":{"line":804,"column":75}},"361":{"start":{"line":805,"column":12},"end":{"line":805,"column":80}},"362":{"start":{"line":808,"column":8},"end":{"line":808,"column":57}},"363":{"start":{"line":810,"column":8},"end":{"line":847,"column":9}},"364":{"start":{"line":811,"column":12},"end":{"line":811,"column":42}},"365":{"start":{"line":814,"column":12},"end":{"line":846,"column":13}},"366":{"start":{"line":818,"column":16},"end":{"line":818,"column":79}},"367":{"start":{"line":820,"column":16},"end":{"line":820,"column":53}},"368":{"start":{"line":821,"column":16},"end":{"line":821,"column":64}},"369":{"start":{"line":824,"column":16},"end":{"line":828,"column":17}},"370":{"start":{"line":826,"column":20},"end":{"line":826,"column":59}},"371":{"start":{"line":827,"column":20},"end":{"line":827,"column":29}},"372":{"start":{"line":830,"column":16},"end":{"line":837,"column":17}},"373":{"start":{"line":831,"column":20},"end":{"line":831,"column":43}},"374":{"start":{"line":833,"column":20},"end":{"line":833,"column":29}},"375":{"start":{"line":834,"column":23},"end":{"line":837,"column":17}},"376":{"start":{"line":836,"column":20},"end":{"line":836,"column":43}},"377":{"start":{"line":839,"column":16},"end":{"line":842,"column":17}},"378":{"start":{"line":841,"column":20},"end":{"line":841,"column":47}},"379":{"start":{"line":844,"column":16},"end":{"line":844,"column":80}},"380":{"start":{"line":845,"column":16},"end":{"line":845,"column":72}},"381":{"start":{"line":850,"column":8},"end":{"line":850,"column":33}},"382":{"start":{"line":851,"column":8},"end":{"line":851,"column":58}},"383":{"start":{"line":855,"column":8},"end":{"line":855,"column":21}},"384":{"start":{"line":856,"column":8},"end":{"line":859,"column":24}},"385":{"start":{"line":861,"column":8},"end":{"line":863,"column":9}},"386":{"start":{"line":862,"column":12},"end":{"line":862,"column":19}},"387":{"start":{"line":865,"column":8},"end":{"line":865,"column":73}},"388":{"start":{"line":867,"column":8},"end":{"line":874,"column":9}},"389":{"start":{"line":868,"column":12},"end":{"line":868,"column":42}},"390":{"start":{"line":869,"column":12},"end":{"line":873,"column":13}},"391":{"start":{"line":872,"column":16},"end":{"line":872,"column":70}},"392":{"start":{"line":876,"column":8},"end":{"line":876,"column":37}},"393":{"start":{"line":880,"column":8},"end":{"line":880,"column":21}},"394":{"start":{"line":881,"column":8},"end":{"line":887,"column":30}},"395":{"start":{"line":890,"column":8},"end":{"line":894,"column":9}},"396":{"start":{"line":891,"column":12},"end":{"line":891,"column":29}},"397":{"start":{"line":893,"column":12},"end":{"line":893,"column":49}},"398":{"start":{"line":896,"column":8},"end":{"line":898,"column":9}},"399":{"start":{"line":897,"column":12},"end":{"line":897,"column":19}},"400":{"start":{"line":900,"column":8},"end":{"line":972,"column":11}},"401":{"start":{"line":901,"column":12},"end":{"line":903,"column":13}},"402":{"start":{"line":902,"column":16},"end":{"line":902,"column":26}},"403":{"start":{"line":904,"column":12},"end":{"line":909,"column":50}},"404":{"start":{"line":911,"column":12},"end":{"line":971,"column":15}},"405":{"start":{"line":912,"column":16},"end":{"line":916,"column":27}},"406":{"start":{"line":918,"column":16},"end":{"line":928,"column":17}},"407":{"start":{"line":919,"column":20},"end":{"line":919,"column":67}},"408":{"start":{"line":920,"column":20},"end":{"line":925,"column":23}},"409":{"start":{"line":921,"column":24},"end":{"line":924,"column":25}},"410":{"start":{"line":922,"column":28},"end":{"line":922,"column":47}},"411":{"start":{"line":923,"column":28},"end":{"line":923,"column":40}},"412":{"start":{"line":927,"column":20},"end":{"line":927,"column":27}},"413":{"start":{"line":930,"column":16},"end":{"line":970,"column":17}},"414":{"start":{"line":931,"column":20},"end":{"line":934,"column":22}},"415":{"start":{"line":936,"column":20},"end":{"line":969,"column":22}},"416":{"start":{"line":938,"column":28},"end":{"line":938,"column":51}},"417":{"start":{"line":939,"column":28},"end":{"line":957,"column":29}},"418":{"start":{"line":940,"column":32},"end":{"line":940,"column":116}},"419":{"start":{"line":942,"column":32},"end":{"line":956,"column":34}},"420":{"start":{"line":958,"column":28},"end":{"line":961,"column":29}},"421":{"start":{"line":959,"column":32},"end":{"line":959,"column":65}},"422":{"start":{"line":960,"column":32},"end":{"line":960,"column":81}},"423":{"start":{"line":963,"column":28},"end":{"line":965,"column":30}},"424":{"start":{"line":964,"column":32},"end":{"line":964,"column":51}},"425":{"start":{"line":967,"column":28},"end":{"line":967,"column":47}},"426":{"start":{"line":974,"column":8},"end":{"line":974,"column":34}},"427":{"start":{"line":978,"column":0},"end":{"line":978,"column":42}}},"branchMap":{"1":{"line":72,"type":"if","locations":[{"start":{"line":72,"column":12},"end":{"line":72,"column":12}},{"start":{"line":72,"column":12},"end":{"line":72,"column":12}}]},"2":{"line":81,"type":"if","locations":[{"start":{"line":81,"column":24},"end":{"line":81,"column":24}},{"start":{"line":81,"column":24},"end":{"line":81,"column":24}}]},"3":{"line":125,"type":"binary-expr","locations":[{"start":{"line":125,"column":28},"end":{"line":125,"column":45}},{"start":{"line":125,"column":49},"end":{"line":125,"column":53}}]},"4":{"line":133,"type":"if","locations":[{"start":{"line":133,"column":16},"end":{"line":133,"column":16}},{"start":{"line":133,"column":16},"end":{"line":133,"column":16}}]},"5":{"line":137,"type":"if","locations":[{"start":{"line":137,"column":16},"end":{"line":137,"column":16}},{"start":{"line":137,"column":16},"end":{"line":137,"column":16}}]},"6":{"line":140,"type":"if","locations":[{"start":{"line":140,"column":16},"end":{"line":140,"column":16}},{"start":{"line":140,"column":16},"end":{"line":140,"column":16}}]},"7":{"line":140,"type":"binary-expr","locations":[{"start":{"line":140,"column":20},"end":{"line":140,"column":27}},{"start":{"line":140,"column":31},"end":{"line":140,"column":43}}]},"8":{"line":146,"type":"if","locations":[{"start":{"line":146,"column":16},"end":{"line":146,"column":16}},{"start":{"line":146,"column":16},"end":{"line":146,"column":16}}]},"9":{"line":149,"type":"if","locations":[{"start":{"line":149,"column":16},"end":{"line":149,"column":16}},{"start":{"line":149,"column":16},"end":{"line":149,"column":16}}]},"10":{"line":149,"type":"binary-expr","locations":[{"start":{"line":149,"column":20},"end":{"line":149,"column":27}},{"start":{"line":149,"column":31},"end":{"line":149,"column":43}}]},"11":{"line":169,"type":"if","locations":[{"start":{"line":169,"column":12},"end":{"line":169,"column":12}},{"start":{"line":169,"column":12},"end":{"line":169,"column":12}}]},"12":{"line":178,"type":"if","locations":[{"start":{"line":178,"column":12},"end":{"line":178,"column":12}},{"start":{"line":178,"column":12},"end":{"line":178,"column":12}}]},"13":{"line":182,"type":"if","locations":[{"start":{"line":182,"column":16},"end":{"line":182,"column":16}},{"start":{"line":182,"column":16},"end":{"line":182,"column":16}}]},"14":{"line":182,"type":"binary-expr","locations":[{"start":{"line":182,"column":21},"end":{"line":182,"column":35}},{"start":{"line":182,"column":39},"end":{"line":182,"column":59}},{"start":{"line":182,"column":64},"end":{"line":182,"column":97}},{"start":{"line":182,"column":102},"end":{"line":182,"column":140}}]},"15":{"line":197,"type":"if","locations":[{"start":{"line":197,"column":8},"end":{"line":197,"column":8}},{"start":{"line":197,"column":8},"end":{"line":197,"column":8}}]},"16":{"line":211,"type":"if","locations":[{"start":{"line":211,"column":8},"end":{"line":211,"column":8}},{"start":{"line":211,"column":8},"end":{"line":211,"column":8}}]},"17":{"line":254,"type":"if","locations":[{"start":{"line":254,"column":16},"end":{"line":254,"column":16}},{"start":{"line":254,"column":16},"end":{"line":254,"column":16}}]},"18":{"line":256,"type":"if","locations":[{"start":{"line":256,"column":23},"end":{"line":256,"column":23}},{"start":{"line":256,"column":23},"end":{"line":256,"column":23}}]},"19":{"line":260,"type":"if","locations":[{"start":{"line":260,"column":24},"end":{"line":260,"column":24}},{"start":{"line":260,"column":24},"end":{"line":260,"column":24}}]},"20":{"line":265,"type":"if","locations":[{"start":{"line":265,"column":23},"end":{"line":265,"column":23}},{"start":{"line":265,"column":23},"end":{"line":265,"column":23}}]},"21":{"line":268,"type":"if","locations":[{"start":{"line":268,"column":23},"end":{"line":268,"column":23}},{"start":{"line":268,"column":23},"end":{"line":268,"column":23}}]},"22":{"line":276,"type":"if","locations":[{"start":{"line":276,"column":20},"end":{"line":276,"column":20}},{"start":{"line":276,"column":20},"end":{"line":276,"column":20}}]},"23":{"line":287,"type":"binary-expr","locations":[{"start":{"line":287,"column":26},"end":{"line":287,"column":41}},{"start":{"line":287,"column":45},"end":{"line":287,"column":78}}]},"24":{"line":290,"type":"if","locations":[{"start":{"line":290,"column":8},"end":{"line":290,"column":8}},{"start":{"line":290,"column":8},"end":{"line":290,"column":8}}]},"25":{"line":331,"type":"if","locations":[{"start":{"line":331,"column":16},"end":{"line":331,"column":16}},{"start":{"line":331,"column":16},"end":{"line":331,"column":16}}]},"26":{"line":334,"type":"if","locations":[{"start":{"line":334,"column":16},"end":{"line":334,"column":16}},{"start":{"line":334,"column":16},"end":{"line":334,"column":16}}]},"27":{"line":334,"type":"binary-expr","locations":[{"start":{"line":334,"column":20},"end":{"line":334,"column":46}},{"start":{"line":334,"column":50},"end":{"line":334,"column":75}}]},"28":{"line":342,"type":"if","locations":[{"start":{"line":342,"column":12},"end":{"line":342,"column":12}},{"start":{"line":342,"column":12},"end":{"line":342,"column":12}}]},"29":{"line":358,"type":"binary-expr","locations":[{"start":{"line":358,"column":41},"end":{"line":358,"column":63}},{"start":{"line":358,"column":67},"end":{"line":358,"column":69}}]},"30":{"line":363,"type":"if","locations":[{"start":{"line":363,"column":12},"end":{"line":363,"column":12}},{"start":{"line":363,"column":12},"end":{"line":363,"column":12}}]},"31":{"line":376,"type":"if","locations":[{"start":{"line":376,"column":12},"end":{"line":376,"column":12}},{"start":{"line":376,"column":12},"end":{"line":376,"column":12}}]},"32":{"line":376,"type":"binary-expr","locations":[{"start":{"line":376,"column":16},"end":{"line":376,"column":43}},{"start":{"line":376,"column":47},"end":{"line":376,"column":81}}]},"33":{"line":383,"type":"if","locations":[{"start":{"line":383,"column":24},"end":{"line":383,"column":24}},{"start":{"line":383,"column":24},"end":{"line":383,"column":24}}]},"34":{"line":395,"type":"if","locations":[{"start":{"line":395,"column":20},"end":{"line":395,"column":20}},{"start":{"line":395,"column":20},"end":{"line":395,"column":20}}]},"35":{"line":395,"type":"binary-expr","locations":[{"start":{"line":395,"column":24},"end":{"line":395,"column":65}},{"start":{"line":395,"column":69},"end":{"line":395,"column":105}}]},"36":{"line":402,"type":"if","locations":[{"start":{"line":402,"column":20},"end":{"line":402,"column":20}},{"start":{"line":402,"column":20},"end":{"line":402,"column":20}}]},"37":{"line":402,"type":"binary-expr","locations":[{"start":{"line":402,"column":24},"end":{"line":402,"column":74}},{"start":{"line":402,"column":78},"end":{"line":402,"column":123}}]},"38":{"line":406,"type":"if","locations":[{"start":{"line":406,"column":27},"end":{"line":406,"column":27}},{"start":{"line":406,"column":27},"end":{"line":406,"column":27}}]},"39":{"line":406,"type":"binary-expr","locations":[{"start":{"line":406,"column":31},"end":{"line":406,"column":74}},{"start":{"line":406,"column":78},"end":{"line":406,"column":116}}]},"40":{"line":411,"type":"if","locations":[{"start":{"line":411,"column":20},"end":{"line":411,"column":20}},{"start":{"line":411,"column":20},"end":{"line":411,"column":20}}]},"41":{"line":411,"type":"binary-expr","locations":[{"start":{"line":411,"column":25},"end":{"line":411,"column":51}},{"start":{"line":411,"column":55},"end":{"line":411,"column":106}},{"start":{"line":412,"column":32},"end":{"line":412,"column":57}},{"start":{"line":412,"column":61},"end":{"line":412,"column":111}}]},"42":{"line":416,"type":"if","locations":[{"start":{"line":416,"column":20},"end":{"line":416,"column":20}},{"start":{"line":416,"column":20},"end":{"line":416,"column":20}}]},"43":{"line":417,"type":"binary-expr","locations":[{"start":{"line":417,"column":79},"end":{"line":417,"column":131}},{"start":{"line":417,"column":135},"end":{"line":417,"column":137}}]},"44":{"line":421,"type":"binary-expr","locations":[{"start":{"line":421,"column":78},"end":{"line":421,"column":125}},{"start":{"line":421,"column":129},"end":{"line":421,"column":131}}]},"45":{"line":444,"type":"if","locations":[{"start":{"line":444,"column":12},"end":{"line":444,"column":12}},{"start":{"line":444,"column":12},"end":{"line":444,"column":12}}]},"46":{"line":507,"type":"binary-expr","locations":[{"start":{"line":507,"column":48},"end":{"line":507,"column":55}},{"start":{"line":507,"column":59},"end":{"line":507,"column":61}}]},"47":{"line":508,"type":"binary-expr","locations":[{"start":{"line":508,"column":27},"end":{"line":508,"column":43}},{"start":{"line":508,"column":47},"end":{"line":508,"column":49}}]},"48":{"line":511,"type":"cond-expr","locations":[{"start":{"line":511,"column":68},"end":{"line":511,"column":73}},{"start":{"line":511,"column":76},"end":{"line":511,"column":104}}]},"49":{"line":511,"type":"binary-expr","locations":[{"start":{"line":511,"column":76},"end":{"line":511,"column":98}},{"start":{"line":511,"column":102},"end":{"line":511,"column":104}}]},"50":{"line":512,"type":"if","locations":[{"start":{"line":512,"column":8},"end":{"line":512,"column":8}},{"start":{"line":512,"column":8},"end":{"line":512,"column":8}}]},"51":{"line":512,"type":"binary-expr","locations":[{"start":{"line":512,"column":12},"end":{"line":512,"column":52}},{"start":{"line":512,"column":56},"end":{"line":512,"column":97}}]},"52":{"line":516,"type":"if","locations":[{"start":{"line":516,"column":8},"end":{"line":516,"column":8}},{"start":{"line":516,"column":8},"end":{"line":516,"column":8}}]},"53":{"line":517,"type":"cond-expr","locations":[{"start":{"line":518,"column":20},"end":{"line":518,"column":22}},{"start":{"line":518,"column":25},"end":{"line":518,"column":47}}]},"54":{"line":517,"type":"binary-expr","locations":[{"start":{"line":517,"column":37},"end":{"line":517,"column":68}},{"start":{"line":517,"column":72},"end":{"line":517,"column":103}}]},"55":{"line":522,"type":"if","locations":[{"start":{"line":522,"column":16},"end":{"line":522,"column":16}},{"start":{"line":522,"column":16},"end":{"line":522,"column":16}}]},"56":{"line":525,"type":"if","locations":[{"start":{"line":525,"column":23},"end":{"line":525,"column":23}},{"start":{"line":525,"column":23},"end":{"line":525,"column":23}}]},"57":{"line":527,"type":"binary-expr","locations":[{"start":{"line":527,"column":59},"end":{"line":527,"column":65}},{"start":{"line":527,"column":69},"end":{"line":527,"column":71}}]},"58":{"line":532,"type":"if","locations":[{"start":{"line":532,"column":12},"end":{"line":532,"column":12}},{"start":{"line":532,"column":12},"end":{"line":532,"column":12}}]},"59":{"line":538,"type":"if","locations":[{"start":{"line":538,"column":12},"end":{"line":538,"column":12}},{"start":{"line":538,"column":12},"end":{"line":538,"column":12}}]},"60":{"line":538,"type":"binary-expr","locations":[{"start":{"line":538,"column":16},"end":{"line":538,"column":35}},{"start":{"line":538,"column":39},"end":{"line":538,"column":62}}]},"61":{"line":540,"type":"binary-expr","locations":[{"start":{"line":540,"column":28},"end":{"line":540,"column":57}},{"start":{"line":540,"column":61},"end":{"line":540,"column":63}}]},"62":{"line":550,"type":"if","locations":[{"start":{"line":550,"column":12},"end":{"line":550,"column":12}},{"start":{"line":550,"column":12},"end":{"line":550,"column":12}}]},"63":{"line":550,"type":"binary-expr","locations":[{"start":{"line":550,"column":16},"end":{"line":550,"column":49}},{"start":{"line":550,"column":53},"end":{"line":550,"column":79}}]},"64":{"line":572,"type":"binary-expr","locations":[{"start":{"line":572,"column":21},"end":{"line":572,"column":28}},{"start":{"line":572,"column":32},"end":{"line":572,"column":34}}]},"65":{"line":581,"type":"if","locations":[{"start":{"line":581,"column":12},"end":{"line":581,"column":12}},{"start":{"line":581,"column":12},"end":{"line":581,"column":12}}]},"66":{"line":596,"type":"if","locations":[{"start":{"line":596,"column":8},"end":{"line":596,"column":8}},{"start":{"line":596,"column":8},"end":{"line":596,"column":8}}]},"67":{"line":596,"type":"binary-expr","locations":[{"start":{"line":596,"column":12},"end":{"line":596,"column":39}},{"start":{"line":596,"column":43},"end":{"line":596,"column":80}}]},"68":{"line":604,"type":"if","locations":[{"start":{"line":604,"column":12},"end":{"line":604,"column":12}},{"start":{"line":604,"column":12},"end":{"line":604,"column":12}}]},"69":{"line":608,"type":"if","locations":[{"start":{"line":608,"column":12},"end":{"line":608,"column":12}},{"start":{"line":608,"column":12},"end":{"line":608,"column":12}}]},"70":{"line":614,"type":"if","locations":[{"start":{"line":614,"column":19},"end":{"line":614,"column":19}},{"start":{"line":614,"column":19},"end":{"line":614,"column":19}}]},"71":{"line":617,"type":"if","locations":[{"start":{"line":617,"column":19},"end":{"line":617,"column":19}},{"start":{"line":617,"column":19},"end":{"line":617,"column":19}}]},"72":{"line":622,"type":"if","locations":[{"start":{"line":622,"column":16},"end":{"line":622,"column":16}},{"start":{"line":622,"column":16},"end":{"line":622,"column":16}}]},"73":{"line":643,"type":"if","locations":[{"start":{"line":643,"column":12},"end":{"line":643,"column":12}},{"start":{"line":643,"column":12},"end":{"line":643,"column":12}}]},"74":{"line":651,"type":"if","locations":[{"start":{"line":651,"column":16},"end":{"line":651,"column":16}},{"start":{"line":651,"column":16},"end":{"line":651,"column":16}}]},"75":{"line":673,"type":"if","locations":[{"start":{"line":673,"column":8},"end":{"line":673,"column":8}},{"start":{"line":673,"column":8},"end":{"line":673,"column":8}}]},"76":{"line":681,"type":"binary-expr","locations":[{"start":{"line":681,"column":27},"end":{"line":682,"column":75}},{"start":{"line":683,"column":25},"end":{"line":683,"column":60}},{"start":{"line":683,"column":64},"end":{"line":683,"column":99}}]},"77":{"line":681,"type":"binary-expr","locations":[{"start":{"line":681,"column":29},"end":{"line":681,"column":62}},{"start":{"line":681,"column":66},"end":{"line":681,"column":106}},{"start":{"line":682,"column":25},"end":{"line":682,"column":48}},{"start":{"line":682,"column":52},"end":{"line":682,"column":73}}]},"78":{"line":687,"type":"binary-expr","locations":[{"start":{"line":687,"column":27},"end":{"line":688,"column":46}},{"start":{"line":689,"column":25},"end":{"line":689,"column":60}},{"start":{"line":689,"column":64},"end":{"line":689,"column":99}}]},"79":{"line":687,"type":"binary-expr","locations":[{"start":{"line":687,"column":29},"end":{"line":687,"column":62}},{"start":{"line":687,"column":66},"end":{"line":687,"column":106}},{"start":{"line":688,"column":24},"end":{"line":688,"column":45}}]},"80":{"line":705,"type":"if","locations":[{"start":{"line":705,"column":16},"end":{"line":705,"column":16}},{"start":{"line":705,"column":16},"end":{"line":705,"column":16}}]},"81":{"line":705,"type":"binary-expr","locations":[{"start":{"line":705,"column":20},"end":{"line":705,"column":28}},{"start":{"line":705,"column":32},"end":{"line":705,"column":45}}]},"82":{"line":717,"type":"if","locations":[{"start":{"line":717,"column":16},"end":{"line":717,"column":16}},{"start":{"line":717,"column":16},"end":{"line":717,"column":16}}]},"83":{"line":726,"type":"if","locations":[{"start":{"line":726,"column":12},"end":{"line":726,"column":12}},{"start":{"line":726,"column":12},"end":{"line":726,"column":12}}]},"84":{"line":729,"type":"switch","locations":[{"start":{"line":730,"column":12},"end":{"line":737,"column":22}},{"start":{"line":738,"column":12},"end":{"line":743,"column":22}},{"start":{"line":744,"column":12},"end":{"line":748,"column":22}},{"start":{"line":749,"column":12},"end":{"line":755,"column":22}},{"start":{"line":756,"column":12},"end":{"line":761,"column":22}}]},"85":{"line":734,"type":"if","locations":[{"start":{"line":734,"column":16},"end":{"line":734,"column":16}},{"start":{"line":734,"column":16},"end":{"line":734,"column":16}}]},"86":{"line":740,"type":"if","locations":[{"start":{"line":740,"column":16},"end":{"line":740,"column":16}},{"start":{"line":740,"column":16},"end":{"line":740,"column":16}}]},"87":{"line":745,"type":"if","locations":[{"start":{"line":745,"column":16},"end":{"line":745,"column":16}},{"start":{"line":745,"column":16},"end":{"line":745,"column":16}}]},"88":{"line":750,"type":"if","locations":[{"start":{"line":750,"column":16},"end":{"line":750,"column":16}},{"start":{"line":750,"column":16},"end":{"line":750,"column":16}}]},"89":{"line":750,"type":"binary-expr","locations":[{"start":{"line":750,"column":20},"end":{"line":750,"column":54}},{"start":{"line":751,"column":26},"end":{"line":751,"column":54}},{"start":{"line":751,"column":58},"end":{"line":751,"column":95}},{"start":{"line":752,"column":25},"end":{"line":752,"column":54}},{"start":{"line":752,"column":58},"end":{"line":752,"column":96}}]},"90":{"line":758,"type":"if","locations":[{"start":{"line":758,"column":16},"end":{"line":758,"column":16}},{"start":{"line":758,"column":16},"end":{"line":758,"column":16}}]},"91":{"line":792,"type":"if","locations":[{"start":{"line":792,"column":8},"end":{"line":792,"column":8}},{"start":{"line":792,"column":8},"end":{"line":792,"column":8}}]},"92":{"line":792,"type":"binary-expr","locations":[{"start":{"line":792,"column":12},"end":{"line":792,"column":40}},{"start":{"line":792,"column":44},"end":{"line":792,"column":79}}]},"93":{"line":801,"type":"binary-expr","locations":[{"start":{"line":801,"column":27},"end":{"line":801,"column":60}},{"start":{"line":801,"column":64},"end":{"line":801,"column":90}},{"start":{"line":802,"column":25},"end":{"line":802,"column":60}},{"start":{"line":802,"column":64},"end":{"line":802,"column":99}}]},"94":{"line":814,"type":"if","locations":[{"start":{"line":814,"column":12},"end":{"line":814,"column":12}},{"start":{"line":814,"column":12},"end":{"line":814,"column":12}}]},"95":{"line":814,"type":"binary-expr","locations":[{"start":{"line":814,"column":16},"end":{"line":814,"column":44}},{"start":{"line":814,"column":48},"end":{"line":814,"column":112}},{"start":{"line":815,"column":22},"end":{"line":815,"column":50}},{"start":{"line":815,"column":54},"end":{"line":815,"column":91}},{"start":{"line":816,"column":21},"end":{"line":816,"column":50}},{"start":{"line":816,"column":54},"end":{"line":816,"column":92}}]},"96":{"line":824,"type":"if","locations":[{"start":{"line":824,"column":16},"end":{"line":824,"column":16}},{"start":{"line":824,"column":16},"end":{"line":824,"column":16}}]},"97":{"line":824,"type":"binary-expr","locations":[{"start":{"line":824,"column":20},"end":{"line":824,"column":61}},{"start":{"line":824,"column":65},"end":{"line":824,"column":101}}]},"98":{"line":830,"type":"if","locations":[{"start":{"line":830,"column":16},"end":{"line":830,"column":16}},{"start":{"line":830,"column":16},"end":{"line":830,"column":16}}]},"99":{"line":830,"type":"binary-expr","locations":[{"start":{"line":830,"column":20},"end":{"line":830,"column":70}},{"start":{"line":830,"column":74},"end":{"line":830,"column":119}}]},"100":{"line":834,"type":"if","locations":[{"start":{"line":834,"column":23},"end":{"line":834,"column":23}},{"start":{"line":834,"column":23},"end":{"line":834,"column":23}}]},"101":{"line":834,"type":"binary-expr","locations":[{"start":{"line":834,"column":27},"end":{"line":834,"column":70}},{"start":{"line":834,"column":74},"end":{"line":834,"column":112}}]},"102":{"line":839,"type":"if","locations":[{"start":{"line":839,"column":16},"end":{"line":839,"column":16}},{"start":{"line":839,"column":16},"end":{"line":839,"column":16}}]},"103":{"line":839,"type":"binary-expr","locations":[{"start":{"line":839,"column":21},"end":{"line":839,"column":47}},{"start":{"line":839,"column":51},"end":{"line":839,"column":102}},{"start":{"line":840,"column":28},"end":{"line":840,"column":53}},{"start":{"line":840,"column":57},"end":{"line":840,"column":107}}]},"104":{"line":844,"type":"binary-expr","locations":[{"start":{"line":844,"column":46},"end":{"line":844,"column":73}},{"start":{"line":844,"column":77},"end":{"line":844,"column":79}}]},"105":{"line":861,"type":"if","locations":[{"start":{"line":861,"column":8},"end":{"line":861,"column":8}},{"start":{"line":861,"column":8},"end":{"line":861,"column":8}}]},"106":{"line":861,"type":"binary-expr","locations":[{"start":{"line":861,"column":12},"end":{"line":861,"column":40}},{"start":{"line":861,"column":44},"end":{"line":861,"column":79}}]},"107":{"line":869,"type":"if","locations":[{"start":{"line":869,"column":12},"end":{"line":869,"column":12}},{"start":{"line":869,"column":12},"end":{"line":869,"column":12}}]},"108":{"line":869,"type":"binary-expr","locations":[{"start":{"line":869,"column":17},"end":{"line":869,"column":57}},{"start":{"line":869,"column":61},"end":{"line":869,"column":108}},{"start":{"line":870,"column":21},"end":{"line":870,"column":63}},{"start":{"line":870,"column":67},"end":{"line":870,"column":109}},{"start":{"line":871,"column":20},"end":{"line":871,"column":55}}]},"109":{"line":890,"type":"if","locations":[{"start":{"line":890,"column":8},"end":{"line":890,"column":8}},{"start":{"line":890,"column":8},"end":{"line":890,"column":8}}]},"110":{"line":896,"type":"if","locations":[{"start":{"line":896,"column":8},"end":{"line":896,"column":8}},{"start":{"line":896,"column":8},"end":{"line":896,"column":8}}]},"111":{"line":896,"type":"binary-expr","locations":[{"start":{"line":896,"column":12},"end":{"line":896,"column":40}},{"start":{"line":896,"column":44},"end":{"line":896,"column":76}}]},"112":{"line":901,"type":"if","locations":[{"start":{"line":901,"column":12},"end":{"line":901,"column":12}},{"start":{"line":901,"column":12},"end":{"line":901,"column":12}}]},"113":{"line":918,"type":"if","locations":[{"start":{"line":918,"column":16},"end":{"line":918,"column":16}},{"start":{"line":918,"column":16},"end":{"line":918,"column":16}}]},"114":{"line":921,"type":"if","locations":[{"start":{"line":921,"column":24},"end":{"line":921,"column":24}},{"start":{"line":921,"column":24},"end":{"line":921,"column":24}}]},"115":{"line":930,"type":"if","locations":[{"start":{"line":930,"column":16},"end":{"line":930,"column":16}},{"start":{"line":930,"column":16},"end":{"line":930,"column":16}}]},"116":{"line":958,"type":"if","locations":[{"start":{"line":958,"column":28},"end":{"line":958,"column":28}},{"start":{"line":958,"column":28},"end":{"line":958,"column":28}}]},"117":{"line":960,"type":"binary-expr","locations":[{"start":{"line":960,"column":51},"end":{"line":960,"column":67}},{"start":{"line":960,"column":71},"end":{"line":960,"column":80}}]}}},"/Users/jimenez/Desktop/Yahoo!/Shaker/workspace/mojito-shaker/lib/bootstrap/bootstrap.js":{"path":"/Users/jimenez/Desktop/Yahoo!/Shaker/workspace/mojito-shaker/lib/bootstrap/bootstrap.js","s":{"1":1,"2":4,"3":4,"4":4,"5":12,"6":12,"7":4,"8":4,"9":4},"b":{},"f":{"1":4},"fnMap":{"1":{"name":"(anonymous_1)","line":3,"loc":{"start":{"line":3,"column":20},"end":{"line":3,"column":36}}}},"statementMap":{"1":{"start":{"line":3,"column":0},"end":{"line":46,"column":2}},"2":{"start":{"line":4,"column":4},"end":{"line":4,"column":17}},"3":{"start":{"line":5,"column":4},"end":{"line":13,"column":22}},"4":{"start":{"line":15,"column":4},"end":{"line":29,"column":5}},"5":{"start":{"line":16,"column":8},"end":{"line":16,"column":42}},"6":{"start":{"line":17,"column":8},"end":{"line":28,"column":10}},"7":{"start":{"line":31,"column":4},"end":{"line":31,"column":52}},"8":{"start":{"line":33,"column":4},"end":{"line":44,"column":6}},"9":{"start":{"line":45,"column":4},"end":{"line":45,"column":21}}},"branchMap":{}},"/Users/jimenez/Desktop/Yahoo!/Shaker/workspace/mojito-shaker/lib/yui.js":{"path":"/Users/jimenez/Desktop/Yahoo!/Shaker/workspace/mojito-shaker/lib/yui.js","s":{"1":1},"b":{},"f":{},"fnMap":{},"statementMap":{"1":{"start":{"line":1,"column":0},"end":{"line":236,"column":2}}},"branchMap":{}},"/Users/jimenez/Desktop/Yahoo!/Shaker/workspace/mojito-shaker/lib/compiler.js":{"path":"/Users/jimenez/Desktop/Yahoo!/Shaker/workspace/mojito-shaker/lib/compiler.js","s":{"1":1,"2":1,"3":4,"4":4,"5":4,"6":4,"7":4,"8":4,"9":1,"10":4,"11":4,"12":4,"13":4,"14":0,"15":4,"16":4,"17":4,"18":4,"19":4,"20":4,"21":4,"22":0,"23":4,"24":4,"25":0,"26":4,"27":4,"28":0,"29":4,"30":4,"31":4,"32":4,"33":4,"34":4,"35":4,"36":4,"37":0,"38":0,"39":0,"40":0,"41":4,"42":1,"43":1,"44":1,"45":1,"46":28,"47":1,"48":0,"49":4,"50":4,"51":4,"52":4,"53":4,"54":1,"55":3,"56":1,"57":1,"58":3,"59":4,"60":0,"61":0,"62":4,"63":1,"64":1,"65":1,"66":3,"67":7,"68":7,"69":0,"70":0,"71":7,"72":7,"73":7,"74":0,"75":0,"76":0,"77":7,"78":3,"79":3,"80":3,"81":3,"82":1,"83":1,"84":0,"85":0,"86":4,"87":1,"88":3,"89":1,"90":1,"91":3,"92":3,"93":3,"94":3,"95":0,"96":0,"97":3,"98":3,"99":3,"100":0,"101":0,"102":0,"103":3,"104":2,"105":2,"106":2,"107":1,"108":1,"109":1,"110":1,"111":1,"112":4,"113":2,"114":2,"115":1,"116":1,"117":1,"118":0,"119":0,"120":1,"121":0,"122":0,"123":1,"124":0,"125":0,"126":0,"127":0,"128":0,"129":0,"130":0,"131":4,"132":16,"133":1,"134":1,"135":4,"136":4,"137":4,"138":4,"139":2,"140":2,"141":2,"142":2,"143":2,"144":2,"145":11,"146":11,"147":12,"148":121,"149":2,"150":4,"151":4,"152":4,"153":3,"154":1,"155":1,"156":1,"157":1,"158":0,"159":1,"160":1,"161":1,"162":1,"163":1,"164":0,"165":0,"166":0,"167":0,"168":0,"169":0,"170":0,"171":0,"172":0,"173":0,"174":1,"175":124,"176":124,"177":124,"178":3,"179":121,"180":44,"181":44,"182":12,"183":12,"184":121,"185":121,"186":121,"187":121,"188":120,"189":1,"190":1,"191":0,"192":1,"193":120,"194":120,"195":1,"196":1,"197":1,"198":1,"199":121,"200":124,"201":124,"202":124,"203":73,"204":51,"205":28,"206":28,"207":28,"208":28,"209":0,"210":0,"211":0,"212":0,"213":28,"214":28,"215":28,"216":0,"217":0,"218":0,"219":0,"220":51,"221":28,"222":51,"223":6,"224":6,"225":6,"226":184,"227":184,"228":64,"229":64,"230":28,"231":28,"232":0,"233":28,"234":184,"235":184,"236":3,"237":3,"238":6,"239":6,"240":9,"241":184,"242":60,"243":124,"244":124,"245":124,"246":124,"247":124,"248":9,"249":6,"250":4,"251":4,"252":4,"253":4,"254":4,"255":4,"256":4,"257":4,"258":4,"259":3,"260":1,"261":1,"262":1,"263":1,"264":1,"265":1,"266":57,"267":21,"268":1,"269":1,"270":1,"271":1,"272":4,"273":4,"274":4,"275":4,"276":1,"277":1,"278":1,"279":0,"280":4,"281":8,"282":8,"283":8,"284":2,"285":2,"286":4,"287":4,"288":104,"289":4,"290":2,"291":2,"292":2,"293":2,"294":2,"295":2,"296":2,"297":2,"298":1,"299":8,"300":7,"301":8,"302":8,"303":0,"304":8,"305":8,"306":8,"307":8,"308":4,"309":8,"310":4,"311":8,"312":48,"313":16,"314":16,"315":24,"316":24,"317":40,"318":16,"319":8,"320":16,"321":24,"322":24,"323":40,"324":24,"325":12,"326":16,"327":8,"328":8,"329":48,"330":40,"331":8,"332":4,"333":4,"334":1,"335":1,"336":3,"337":4,"338":4,"339":4,"340":4,"341":184,"342":11,"343":4,"344":0,"345":4,"346":4,"347":4,"348":8,"349":4,"350":8,"351":8,"352":8,"353":12,"354":8,"355":1,"356":2,"357":2,"358":52,"359":4,"360":4,"361":4,"362":4,"363":4,"364":1},"b":{"1":[4,0],"2":[0,4],"3":[0,4],"4":[0,4],"5":[0,4],"6":[4,0],"7":[1,3],"8":[1,3],"9":[1,2],"10":[0,4],"11":[1,3],"12":[0,7],"13":[5,2],"14":[7,0],"15":[0,0],"16":[0,0],"17":[3,4],"18":[3,0],"19":[1,2],"20":[1,3],"21":[1,2],"22":[0,3],"23":[1,2],"24":[3,0],"25":[0,0],"26":[0,0],"27":[2,1],"28":[2,1],"29":[1,0],"30":[2,2],"31":[1,1],"32":[0,1],"33":[1,1],"34":[0,1],"35":[0,1],"36":[0,0],"37":[1,15],"38":[2,2],"39":[2,2],"40":[2,2],"41":[2,2],"42":[2,2],"43":[3,1],"44":[0,1],"45":[1,0],"46":[0,1],"47":[0,0],"48":[0,0],"49":[3,121],"50":[153,58],"51":[12,32],"52":[121,20],"53":[121,0],"54":[1,119],"55":[0,1],"56":[0,120],"57":[0,1],"58":[124,3],"59":[73,51],"60":[124,58],"61":[28,2],"62":[0,28],"63":[0,0],"64":[0,28],"65":[0,0],"66":[64,120],"67":[3,181],"68":[60,124],"69":[184,63,63],"70":[4,2],"71":[3,1],"72":[21,36],"73":[1,3],"74":[8,2],"75":[2,2],"76":[1,1],"77":[7,1],"78":[0,8],"79":[8,0],"80":[4,4],"81":[4,4],"82":[24,24],"83":[8,8],"84":[12,12],"85":[8,8],"86":[40,8],"87":[4,4],"88":[1,3],"89":[11,173],"90":[184,177],"91":[0,4]},"f":{"1":4,"2":4,"3":4,"4":4,"5":4,"6":4,"7":4,"8":4,"9":7,"10":3,"11":16,"12":4,"13":11,"14":12,"15":121,"16":4,"17":1,"18":124,"19":121,"20":120,"21":121,"22":124,"23":28,"24":28,"25":51,"26":28,"27":6,"28":184,"29":28,"30":0,"31":9,"32":184,"33":124,"34":124,"35":124,"36":124,"37":9,"38":6,"39":4,"40":4,"41":4,"42":4,"43":4,"44":1,"45":57,"46":1,"47":1,"48":4,"49":8,"50":2,"51":4,"52":104,"53":2,"54":2,"55":8,"56":8,"57":48,"58":16,"59":24,"60":40,"61":24,"62":40,"63":1,"64":4,"65":184,"66":8,"67":4,"68":8,"69":8,"70":12,"71":1,"72":2,"73":52,"74":4},"fnMap":{"1":{"name":"ShakerCompiler","line":28,"loc":{"start":{"line":28,"column":0},"end":{"line":28,"column":39}}},"2":{"name":"(anonymous_2)","line":52,"loc":{"start":{"line":52,"column":13},"end":{"line":52,"column":29}}},"3":{"name":"(anonymous_3)","line":87,"loc":{"start":{"line":87,"column":111},"end":{"line":87,"column":126}}},"4":{"name":"(anonymous_4)","line":92,"loc":{"start":{"line":92,"column":72},"end":{"line":92,"column":84}}},"5":{"name":"(anonymous_5)","line":97,"loc":{"start":{"line":97,"column":67},"end":{"line":97,"column":82}}},"6":{"name":"(anonymous_6)","line":104,"loc":{"start":{"line":104,"column":37},"end":{"line":104,"column":81}}},"7":{"name":"(anonymous_7)","line":143,"loc":{"start":{"line":143,"column":21},"end":{"line":143,"column":56}}},"8":{"name":"(anonymous_8)","line":158,"loc":{"start":{"line":158,"column":40},"end":{"line":158,"column":71}}},"9":{"name":"(anonymous_9)","line":173,"loc":{"start":{"line":173,"column":41},"end":{"line":173,"column":73}}},"10":{"name":"(anonymous_10)","line":220,"loc":{"start":{"line":220,"column":44},"end":{"line":220,"column":80}}},"11":{"name":"(anonymous_11)","line":289,"loc":{"start":{"line":289,"column":30},"end":{"line":289,"column":62}}},"12":{"name":"(anonymous_12)","line":299,"loc":{"start":{"line":299,"column":22},"end":{"line":299,"column":49}}},"13":{"name":"(anonymous_13)","line":321,"loc":{"start":{"line":321,"column":36},"end":{"line":321,"column":63}}},"14":{"name":"(anonymous_14)","line":323,"loc":{"start":{"line":323,"column":37},"end":{"line":323,"column":70}}},"15":{"name":"(anonymous_15)","line":325,"loc":{"start":{"line":325,"column":26},"end":{"line":325,"column":56}}},"16":{"name":"(anonymous_16)","line":337,"loc":{"start":{"line":337,"column":26},"end":{"line":337,"column":81}}},"17":{"name":"(anonymous_17)","line":349,"loc":{"start":{"line":349,"column":40},"end":{"line":349,"column":76}}},"18":{"name":"(anonymous_18)","line":384,"loc":{"start":{"line":384,"column":17},"end":{"line":384,"column":67}}},"19":{"name":"(anonymous_19)","line":407,"loc":{"start":{"line":407,"column":44},"end":{"line":407,"column":78}}},"20":{"name":"(anonymous_20)","line":411,"loc":{"start":{"line":411,"column":40},"end":{"line":411,"column":61}}},"21":{"name":"(anonymous_21)","line":429,"loc":{"start":{"line":429,"column":11},"end":{"line":429,"column":28}}},"22":{"name":"(anonymous_22)","line":434,"loc":{"start":{"line":434,"column":21},"end":{"line":434,"column":95}}},"23":{"name":"(anonymous_23)","line":445,"loc":{"start":{"line":445,"column":38},"end":{"line":445,"column":76}}},"24":{"name":"(anonymous_24)","line":451,"loc":{"start":{"line":451,"column":47},"end":{"line":451,"column":90}}},"25":{"name":"(anonymous_25)","line":470,"loc":{"start":{"line":470,"column":11},"end":{"line":470,"column":28}}},"26":{"name":"(anonymous_26)","line":472,"loc":{"start":{"line":472,"column":46},"end":{"line":472,"column":83}}},"27":{"name":"(anonymous_27)","line":479,"loc":{"start":{"line":479,"column":24},"end":{"line":479,"column":96}}},"28":{"name":"(anonymous_28)","line":488,"loc":{"start":{"line":488,"column":33},"end":{"line":488,"column":53}}},"29":{"name":"(anonymous_29)","line":493,"loc":{"start":{"line":493,"column":39},"end":{"line":493,"column":51}}},"30":{"name":"(anonymous_30)","line":496,"loc":{"start":{"line":496,"column":39},"end":{"line":496,"column":51}}},"31":{"name":"(anonymous_31)","line":516,"loc":{"start":{"line":516,"column":42},"end":{"line":516,"column":92}}},"32":{"name":"(anonymous_32)","line":517,"loc":{"start":{"line":517,"column":42},"end":{"line":517,"column":80}}},"33":{"name":"(anonymous_33)","line":523,"loc":{"start":{"line":523,"column":30},"end":{"line":523,"column":42}}},"34":{"name":"(anonymous_34)","line":526,"loc":{"start":{"line":526,"column":36},"end":{"line":526,"column":56}}},"35":{"name":"(anonymous_35)","line":529,"loc":{"start":{"line":529,"column":40},"end":{"line":529,"column":60}}},"36":{"name":"(anonymous_36)","line":532,"loc":{"start":{"line":532,"column":23},"end":{"line":532,"column":40}}},"37":{"name":"(anonymous_37)","line":536,"loc":{"start":{"line":536,"column":15},"end":{"line":536,"column":32}}},"38":{"name":"(anonymous_38)","line":539,"loc":{"start":{"line":539,"column":11},"end":{"line":539,"column":28}}},"39":{"name":"(anonymous_39)","line":544,"loc":{"start":{"line":544,"column":24},"end":{"line":544,"column":76}}},"40":{"name":"(anonymous_40)","line":548,"loc":{"start":{"line":548,"column":26},"end":{"line":548,"column":46}}},"41":{"name":"(anonymous_41)","line":551,"loc":{"start":{"line":551,"column":26},"end":{"line":551,"column":46}}},"42":{"name":"(anonymous_42)","line":554,"loc":{"start":{"line":554,"column":11},"end":{"line":554,"column":28}}},"43":{"name":"(anonymous_43)","line":559,"loc":{"start":{"line":559,"column":20},"end":{"line":559,"column":72}}},"44":{"name":"(anonymous_44)","line":573,"loc":{"start":{"line":573,"column":38},"end":{"line":573,"column":76}}},"45":{"name":"(anonymous_45)","line":584,"loc":{"start":{"line":584,"column":50},"end":{"line":584,"column":70}}},"46":{"name":"(anonymous_46)","line":593,"loc":{"start":{"line":593,"column":114},"end":{"line":593,"column":131}}},"47":{"name":"(anonymous_47)","line":596,"loc":{"start":{"line":596,"column":11},"end":{"line":596,"column":28}}},"48":{"name":"(anonymous_48)","line":601,"loc":{"start":{"line":601,"column":19},"end":{"line":601,"column":71}}},"49":{"name":"(anonymous_49)","line":622,"loc":{"start":{"line":622,"column":46},"end":{"line":622,"column":77}}},"50":{"name":"(anonymous_50)","line":628,"loc":{"start":{"line":628,"column":52},"end":{"line":628,"column":83}}},"51":{"name":"(anonymous_51)","line":631,"loc":{"start":{"line":631,"column":44},"end":{"line":631,"column":68}}},"52":{"name":"(anonymous_52)","line":633,"loc":{"start":{"line":633,"column":52},"end":{"line":633,"column":77}}},"53":{"name":"(anonymous_53)","line":642,"loc":{"start":{"line":642,"column":53},"end":{"line":642,"column":85}}},"54":{"name":"(anonymous_54)","line":650,"loc":{"start":{"line":650,"column":38},"end":{"line":650,"column":58}}},"55":{"name":"(anonymous_55)","line":668,"loc":{"start":{"line":668,"column":45},"end":{"line":668,"column":76}}},"56":{"name":"(anonymous_56)","line":673,"loc":{"start":{"line":673,"column":45},"end":{"line":673,"column":70}}},"57":{"name":"(anonymous_57)","line":685,"loc":{"start":{"line":685,"column":48},"end":{"line":685,"column":81}}},"58":{"name":"(anonymous_58)","line":686,"loc":{"start":{"line":686,"column":46},"end":{"line":686,"column":81}}},"59":{"name":"(anonymous_59)","line":694,"loc":{"start":{"line":694,"column":42},"end":{"line":694,"column":70}}},"60":{"name":"(anonymous_60)","line":697,"loc":{"start":{"line":697,"column":50},"end":{"line":697,"column":75}}},"61":{"name":"(anonymous_61)","line":707,"loc":{"start":{"line":707,"column":45},"end":{"line":707,"column":76}}},"62":{"name":"(anonymous_62)","line":709,"loc":{"start":{"line":709,"column":53},"end":{"line":709,"column":78}}},"63":{"name":"(anonymous_63)","line":739,"loc":{"start":{"line":739,"column":69},"end":{"line":739,"column":86}}},"64":{"name":"(anonymous_64)","line":747,"loc":{"start":{"line":747,"column":24},"end":{"line":747,"column":67}}},"65":{"name":"(anonymous_65)","line":756,"loc":{"start":{"line":756,"column":36},"end":{"line":756,"column":56}}},"66":{"name":"(anonymous_66)","line":771,"loc":{"start":{"line":771,"column":46},"end":{"line":771,"column":77}}},"67":{"name":"(anonymous_67)","line":774,"loc":{"start":{"line":774,"column":45},"end":{"line":774,"column":76}}},"68":{"name":"(anonymous_68)","line":779,"loc":{"start":{"line":779,"column":48},"end":{"line":779,"column":81}}},"69":{"name":"(anonymous_69)","line":780,"loc":{"start":{"line":780,"column":46},"end":{"line":780,"column":81}}},"70":{"name":"(anonymous_70)","line":781,"loc":{"start":{"line":781,"column":51},"end":{"line":781,"column":82}}},"71":{"name":"(anonymous_71)","line":788,"loc":{"start":{"line":788,"column":49},"end":{"line":788,"column":79}}},"72":{"name":"(anonymous_72)","line":789,"loc":{"start":{"line":789,"column":43},"end":{"line":789,"column":74}}},"73":{"name":"(anonymous_73)","line":792,"loc":{"start":{"line":792,"column":63},"end":{"line":792
[...]
":59,"column":79},"end":{"line":59,"column":185}}]},"13":{"line":59,"type":"cond-expr","locations":[{"start":{"line":59,"column":117},"end":{"line":59,"column":123}},{"start":{"line":59,"column":126},"end":{"line":59,"column":185}}]},"14":{"line":59,"type":"cond-expr","locations":[{"start":{"line":59,"column":167},"end":{"line":59,"column":176}},{"start":{"line":59,"column":179},"end":{"line":59,"column":185}}]},"15":{"line":62,"type":"if","locations":[{"start":{"line":62,"column":16},"end":{"line":62,"column":16}},{"start":{"line":62,"column":16},"end":{"line":62,"column":16}}]}}},"/Users/jimenez/Desktop/Yahoo!/Shaker/workspace/mojito-shaker/lib/tasks/csslint.js":{"path":"/Users/jimenez/Desktop/Yahoo!/Shaker/workspace/mojito-shaker/lib/tasks/csslint.js","s":{"1":1,"2":1,"3":4,"4":4,"5":4},"b":{"1":[4,0],"2":[4,0]},"f":{"1":4},"fnMap":{"1":{"name":"(anonymous_1)","line":8,"loc":{"start":{"line":8,"column":15},"end":{"line":8,"column":50}}}},"statementMap":{"1":{"start":{"line":6,"column":0},"end":{"line":6,"column":40}},"2":{"start":{"line":8,"column":0},"end":{"line":14,"column":2}},"3":{"start":{"line":9,"column":4},"end":{"line":9,"column":17}},"4":{"start":{"line":11,"column":4},"end":{"line":11,"column":66}},"5":{"start":{"line":13,"column":4},"end":{"line":13,"column":59}}},"branchMap":{"1":{"line":11,"type":"binary-expr","locations":[{"start":{"line":11,"column":49},"end":{"line":11,"column":56}},{"start":{"line":11,"column":60},"end":{"line":11,"column":64}}]},"2":{"line":13,"type":"binary-expr","locations":[{"start":{"line":13,"column":9},"end":{"line":13,"column":27}},{"start":{"line":13,"column":31},"end":{"line":13,"column":57}}]}}},"/Users/jimenez/Desktop/Yahoo!/Shaker/workspace/mojito-shaker/lib/tasks/cssminify.js":{"path":"/Users/jimenez/Desktop/Yahoo!/Shaker/workspace/mojito-shaker/lib/tasks/cssminify.js","s":{"1":1,"2":1,"3":4,"4":4,"5":4,"6":4,"7":0,"8":4,"9":4,"10":0,"11":4,"12":4},"b":{"1":[4,0],"2":[0,4],"3":[4,4],"4":[0,4]},"f":{"1":4,"2":4},"fnMap":{"1":{"name":"(anonymous_1)","line":8,"loc":{"start":{"line":8,"column":15},"end":{"line":8,"column":50}}},"2":{"name":"(anonymous_2)","line":19,"loc":{"start":{"line":19,"column":35},"end":{"line":19,"column":56}}}},"statementMap":{"1":{"start":{"line":6,"column":0},"end":{"line":6,"column":27}},"2":{"start":{"line":8,"column":0},"end":{"line":27,"column":2}},"3":{"start":{"line":9,"column":4},"end":{"line":9,"column":17}},"4":{"start":{"line":10,"column":4},"end":{"line":10,"column":28}},"5":{"start":{"line":12,"column":4},"end":{"line":12,"column":35}},"6":{"start":{"line":15,"column":4},"end":{"line":17,"column":5}},"7":{"start":{"line":16,"column":8},"end":{"line":16,"column":32}},"8":{"start":{"line":19,"column":4},"end":{"line":26,"column":7}},"9":{"start":{"line":20,"column":8},"end":{"line":25,"column":9}},"10":{"start":{"line":21,"column":12},"end":{"line":21,"column":30}},"11":{"start":{"line":23,"column":12},"end":{"line":23,"column":51}},"12":{"start":{"line":24,"column":12},"end":{"line":24,"column":23}}},"branchMap":{"1":{"line":10,"type":"binary-expr","locations":[{"start":{"line":10,"column":14},"end":{"line":10,"column":21}},{"start":{"line":10,"column":25},"end":{"line":10,"column":27}}]},"2":{"line":15,"type":"if","locations":[{"start":{"line":15,"column":4},"end":{"line":15,"column":4}},{"start":{"line":15,"column":4},"end":{"line":15,"column":4}}]},"3":{"line":15,"type":"binary-expr","locations":[{"start":{"line":15,"column":8},"end":{"line":15,"column":38}},{"start":{"line":15,"column":42},"end":{"line":15,"column":75}}]},"4":{"line":20,"type":"if","locations":[{"start":{"line":20,"column":8},"end":{"line":20,"column":8}},{"start":{"line":20,"column":8},"end":{"line":20,"column":8}}]}}},"/Users/jimenez/Desktop/Yahoo!/Shaker/workspace/mojito-shaker/lib/tasks/jslint.js":{"path":"/Users/jimenez/Desktop/Yahoo!/Shaker/workspace/mojito-shaker/lib/tasks/jslint.js","s":{"1":1,"2":1,"3":17,"4":17,"5":17,"6":17,"7":17,"8":17,"9":0,"10":17},"b":{"1":[17,0],"2":[17,0],"3":[0,17]},"f":{"1":17},"fnMap":{"1":{"name":"(anonymous_1)","line":8,"loc":{"start":{"line":8,"column":15},"end":{"line":8,"column":50}}}},"statementMap":{"1":{"start":{"line":6,"column":0},"end":{"line":6,"column":42}},"2":{"start":{"line":8,"column":0},"end":{"line":24,"column":2}},"3":{"start":{"line":9,"column":4},"end":{"line":9,"column":17}},"4":{"start":{"line":10,"column":4},"end":{"line":11,"column":15}},"5":{"start":{"line":13,"column":4},"end":{"line":13,"column":28}},"6":{"start":{"line":15,"column":4},"end":{"line":15,"column":27}},"7":{"start":{"line":18,"column":4},"end":{"line":18,"column":81}},"8":{"start":{"line":19,"column":4},"end":{"line":21,"column":5}},"9":{"start":{"line":20,"column":8},"end":{"line":20,"column":127}},"10":{"start":{"line":23,"column":4},"end":{"line":23,"column":16}}},"branchMap":{"1":{"line":13,"type":"binary-expr","locations":[{"start":{"line":13,"column":14},"end":{"line":13,"column":21}},{"start":{"line":13,"column":25},"end":{"line":13,"column":27}}]},"2":{"line":18,"type":"binary-expr","locations":[{"start":{"line":18,"column":66},"end":{"line":18,"column":73}},{"start":{"line":18,"column":77},"end":{"line":18,"column":79}}]},"3":{"line":19,"type":"if","locations":[{"start":{"line":19,"column":4},"end":{"line":19,"column":4}},{"start":{"line":19,"column":4},"end":{"line":19,"column":4}}]}}},"/Users/jimenez/Desktop/Yahoo!/Shaker/workspace/mojito-shaker/lib/tasks/jsminify.js":{"path":"/Users/jimenez/Desktop/Yahoo!/Shaker/workspace/mojito-shaker/lib/tasks/jsminify.js","s":{"1":1,"2":1,"3":94,"4":94,"5":94,"6":94,"7":94,"8":0,"9":0,"10":94,"11":94,"12":0,"13":94,"14":0,"15":94,"16":94,"17":0,"18":94,"19":92,"20":94,"21":94,"22":0,"23":0,"24":0,"25":0,"26":94},"b":{"1":[94,0],"2":[94,94],"3":[94,94],"4":[0,94],"5":[0,94],"6":[92,2],"7":[0,0]},"f":{"1":94,"2":0,"3":0},"fnMap":{"1":{"name":"(anonymous_1)","line":9,"loc":{"start":{"line":9,"column":15},"end":{"line":9,"column":50}}},"2":{"name":"(anonymous_2)","line":22,"loc":{"start":{"line":22,"column":49},"end":{"line":22,"column":68}}},"3":{"name":"(anonymous_3)","line":38,"loc":{"start":{"line":38,"column":42},"end":{"line":38,"column":54}}}},"statementMap":{"1":{"start":{"line":6,"column":0},"end":{"line":7,"column":41}},"2":{"start":{"line":9,"column":0},"end":{"line":57,"column":2}},"3":{"start":{"line":10,"column":4},"end":{"line":10,"column":17}},"4":{"start":{"line":11,"column":4},"end":{"line":11,"column":28}},"5":{"start":{"line":13,"column":4},"end":{"line":19,"column":12}},"6":{"start":{"line":21,"column":4},"end":{"line":54,"column":5}},"7":{"start":{"line":22,"column":8},"end":{"line":25,"column":11}},"8":{"start":{"line":23,"column":12},"end":{"line":23,"column":35}},"9":{"start":{"line":24,"column":12},"end":{"line":24,"column":37}},"10":{"start":{"line":27,"column":8},"end":{"line":27,"column":62}},"11":{"start":{"line":29,"column":8},"end":{"line":31,"column":9}},"12":{"start":{"line":30,"column":12},"end":{"line":30,"column":49}},"13":{"start":{"line":32,"column":8},"end":{"line":34,"column":9}},"14":{"start":{"line":33,"column":12},"end":{"line":33,"column":50}},"15":{"start":{"line":36,"column":8},"end":{"line":36,"column":46}},"16":{"start":{"line":38,"column":8},"end":{"line":40,"column":11}},"17":{"start":{"line":39,"column":12},"end":{"line":39,"column":50}},"18":{"start":{"line":42,"column":8},"end":{"line":44,"column":9}},"19":{"start":{"line":43,"column":12},"end":{"line":43,"column":26}},"20":{"start":{"line":45,"column":8},"end":{"line":45,"column":23}},"21":{"start":{"line":46,"column":8},"end":{"line":46,"column":34}},"22":{"start":{"line":48,"column":8},"end":{"line":50,"column":9}},"23":{"start":{"line":49,"column":12},"end":{"line":49,"column":32}},"24":{"start":{"line":52,"column":8},"end":{"line":52,"column":86}},"25":{"start":{"line":53,"column":8},"end":{"line":53,"column":15}},"26":{"start":{"line":56,"column":4},"end":{"line":56,"column":15}}},"branchMap":{"1":{"line":11,"type":"binary-expr","locations":[{"start":{"line":11,"column":14},"end":{"line":11,"column":21}},{"start":{"line":11,"column":25},"end":{"line":11,"column":27}}]},"2":{"line":13,"type":"binary-expr","locations":[{"start":{"line":13,"column":17},"end":{"line":13,"column":31}},{"start":{"line":13,"column":35},"end":{"line":13,"column":37}}]},"3":{"line":27,"type":"binary-expr","locations":[{"start":{"line":27,"column":35},"end":{"line":27,"column":51}},{"start":{"line":27,"column":55},"end":{"line":27,"column":60}}]},"4":{"line":29,"type":"if","locations":[{"start":{"line":29,"column":8},"end":{"line":29,"column":8}},{"start":{"line":29,"column":8},"end":{"line":29,"column":8}}]},"5":{"line":32,"type":"if","locations":[{"start":{"line":32,"column":8},"end":{"line":32,"column":8}},{"start":{"line":32,"column":8},"end":{"line":32,"column":8}}]},"6":{"line":42,"type":"if","locations":[{"start":{"line":42,"column":8},"end":{"line":42,"column":8}},{"start":{"line":42,"column":8},"end":{"line":42,"column":8}}]},"7":{"line":48,"type":"if","locations":[{"start":{"line":48,"column":8},"end":{"line":48,"column":8}},{"start":{"line":48,"column":8},"end":{"line":48,"column":8}}]}}},"/Users/jimenez/Desktop/Yahoo!/Shaker/workspace/mojito-shaker/lib/rollups/mojitrollup.js":{"path":"/Users/jimenez/Desktop/Yahoo!/Shaker/workspace/mojito-shaker/lib/rollups/mojitrollup.js","s":{"1":1,"2":1,"3":1,"4":1,"5":1,"6":2,"7":2,"8":2,"9":2,"10":2,"11":20,"12":20,"13":146,"14":20,"15":2,"16":2,"17":2,"18":76,"19":2,"20":2,"21":2,"22":2,"23":2,"24":2,"25":2,"26":2,"27":0,"28":2,"29":2,"30":0,"31":2,"32":2,"33":2,"34":2,"35":2,"36":2,"37":0,"38":0,"39":2,"40":2,"41":2,"42":2,"43":2,"44":4,"45":4,"46":2,"47":8,"48":8,"49":2,"50":4,"51":4,"52":104,"53":4,"54":1},"b":{"1":[20,0],"2":[2,0],"3":[2,0],"4":[2,2],"5":[0,2],"6":[0,2],"7":[2,2],"8":[0,2],"9":[0,2],"10":[2,0],"11":[4,0],"12":[8,0]},"f":{"1":1,"2":2,"3":2,"4":20,"5":146,"6":2,"7":76,"8":2,"9":2,"10":2,"11":2,"12":2,"13":4,"14":8,"15":4,"16":104},"fnMap":{"1":{"name":"(anonymous_1)","line":2,"loc":{"start":{"line":2,"column":17},"end":{"line":2,"column":46}}},"2":{"name":"(anonymous_2)","line":7,"loc":{"start":{"line":7,"column":33},"end":{"line":7,"column":64}}},"3":{"name":"(anonymous_3)","line":12,"loc":{"start":{"line":12,"column":38},"end":{"line":12,"column":63}}},"4":{"name":"(anonymous_4)","line":25,"loc":{"start":{"line":25,"column":40},"end":{"line":25,"column":68}}},"5":{"name":"(anonymous_5)","line":27,"loc":{"start":{"line":27,"column":60},"end":{"line":27,"column":97}}},"6":{"name":"(anonymous_6)","line":35,"loc":{"start":{"line":35,"column":43},"end":{"line":35,"column":74}}},"7":{"name":"(anonymous_7)","line":37,"loc":{"start":{"line":37,"column":63},"end":{"line":37,"column":100}}},"8":{"name":"(anonymous_8)","line":45,"loc":{"start":{"line":45,"column":40},"end":{"line":45,"column":71}}},"9":{"name":"(anonymous_9)","line":46,"loc":{"start":{"line":46,"column":45},"end":{"line":46,"column":73}}},"10":{"name":"(anonymous_10)","line":55,"loc":{"start":{"line":55,"column":33},"end":{"line":55,"column":50}}},"11":{"name":"(anonymous_11)","line":71,"loc":{"start":{"line":71,"column":93},"end":{"line":71,"column":116}}},"12":{"name":"(anonymous_12)","line":97,"loc":{"start":{"line":97,"column":42},"end":{"line":97,"column":70}}},"13":{"name":"(anonymous_13)","line":98,"loc":{"start":{"line":98,"column":50},"end":{"line":98,"column":75}}},"14":{"name":"(anonymous_14)","line":106,"loc":{"start":{"line":106,"column":45},"end":{"line":106,"column":70}}},"15":{"name":"(anonymous_15)","line":115,"loc":{"start":{"line":115,"column":48},"end":{"line":115,"column":72}}},"16":{"name":"(anonymous_16)","line":117,"loc":{"start":{"line":117,"column":48},"end":{"line":117,"column":68}}}},"statementMap":{"1":{"start":{"line":1,"column":0},"end":{"line":1,"column":61}},"2":{"start":{"line":2,"column":0},"end":{"line":125,"column":2}},"3":{"start":{"line":3,"column":4},"end":{"line":3,"column":17}},"4":{"start":{"line":4,"column":4},"end":{"line":6,"column":21}},"5":{"start":{"line":7,"column":4},"end":{"line":123,"column":7}},"6":{"start":{"line":8,"column":8},"end":{"line":8,"column":27}},"7":{"start":{"line":9,"column":8},"end":{"line":9,"column":45}},"8":{"start":{"line":12,"column":8},"end":{"line":122,"column":11}},"9":{"start":{"line":13,"column":12},"end":{"line":22,"column":14}},"10":{"start":{"line":25,"column":12},"end":{"line":32,"column":15}},"11":{"start":{"line":26,"column":16},"end":{"line":31,"column":17}},"12":{"start":{"line":27,"column":20},"end":{"line":29,"column":23}},"13":{"start":{"line":28,"column":24},"end":{"line":28,"column":103}},"14":{"start":{"line":30,"column":20},"end":{"line":30,"column":91}},"15":{"start":{"line":35,"column":12},"end":{"line":42,"column":15}},"16":{"start":{"line":36,"column":16},"end":{"line":41,"column":17}},"17":{"start":{"line":37,"column":20},"end":{"line":39,"column":23}},"18":{"start":{"line":38,"column":24},"end":{"line":38,"column":103}},"19":{"start":{"line":40,"column":20},"end":{"line":40,"column":97}},"20":{"start":{"line":45,"column":12},"end":{"line":52,"column":15}},"21":{"start":{"line":46,"column":16},"end":{"line":51,"column":19}},"22":{"start":{"line":48,"column":20},"end":{"line":50,"column":21}},"23":{"start":{"line":49,"column":24},"end":{"line":49,"column":95}},"24":{"start":{"line":55,"column":12},"end":{"line":112,"column":15}},"25":{"start":{"line":56,"column":16},"end":{"line":64,"column":27}},"26":{"start":{"line":66,"column":16},"end":{"line":69,"column":17}},"27":{"start":{"line":68,"column":20},"end":{"line":68,"column":27}},"28":{"start":{"line":71,"column":16},"end":{"line":111,"column":19}},"29":{"start":{"line":72,"column":20},"end":{"line":75,"column":21}},"30":{"start":{"line":74,"column":24},"end":{"line":74,"column":31}},"31":{"start":{"line":77,"column":20},"end":{"line":77,"column":82}},"32":{"start":{"line":78,"column":20},"end":{"line":78,"column":59}},"33":{"start":{"line":79,"column":20},"end":{"line":79,"column":47}},"34":{"start":{"line":80,"column":20},"end":{"line":80,"column":51}},"35":{"start":{"line":81,"column":20},"end":{"line":81,"column":51}},"36":{"start":{"line":86,"column":20},"end":{"line":89,"column":21}},"37":{"start":{"line":87,"column":24},"end":{"line":87,"column":63}},"38":{"start":{"line":88,"column":24},"end":{"line":88,"column":66}},"39":{"start":{"line":91,"column":20},"end":{"line":94,"column":21}},"40":{"start":{"line":92,"column":24},"end":{"line":92,"column":55}},"41":{"start":{"line":93,"column":24},"end":{"line":93,"column":62}},"42":{"start":{"line":97,"column":20},"end":{"line":104,"column":23}},"43":{"start":{"line":98,"column":24},"end":{"line":103,"column":27}},"44":{"start":{"line":100,"column":28},"end":{"line":102,"column":29}},"45":{"start":{"line":101,"column":32},"end":{"line":101,"column":58}},"46":{"start":{"line":106,"column":20},"end":{"line":110,"column":23}},"47":{"start":{"line":107,"column":24},"end":{"line":109,"column":25}},"48":{"start":{"line":108,"column":28},"end":{"line":108,"column":93}},"49":{"start":{"line":115,"column":12},"end":{"line":121,"column":15}},"50":{"start":{"line":116,"column":16},"end":{"line":116,"column":39}},"51":{"start":{"line":117,"column":16},"end":{"line":119,"column":19}},"52":{"start":{"line":118,"column":20},"end":{"line":118,"column":54}},"53":{"start":{"line":120,"column":16},"end":{"line":120,"column":51}},"54":{"start":{"line":124,"column":4},"end":{"line":124,"column":19}}},"branchMap":{"1":{"line":26,"type":"if","locations":[{"start":{"line":26,"column":16},"end":{"line":26,"column":16}},{"start":{"line":26,"column":16},"end":{"line":26,"column":16}}]},"2":{"line":36,"type":"if","locations":[{"start":{"line":36,"column":16},"end":{"line":36,"column":16}},{"start":{"line":36,"column":16},"end":{"line":36,"column":16}}]},"3":{"line":48,"type":"if","locations":[{"start":{"line":48,"column":20},"end":{"line":48,"column":20}},{"start":{"line":48,"column":20},"end":{"line":48,"column":20}}]},"4":{"line":48,"type":"binary-expr","locations":[{"start":{"line":48,"column":24},"end":{"line":48,"column":65}},{"start":{"line":48,"column":69},"end":{"line":48,"column":88}}]},"5":{"line":58,"type":"cond-expr","locations":[{"start":{"line":58,"column":51},"end":{"line":58,"column":66}},{"start":{"line":58,"column":69},"end":{"line":58,"column":73}}]},"6":{"line":66,"type":"if","locations":[{"start":{"line":66,"column":16},"end":{"line":66,"column":16}},{"start":{"line":66,"column":16},"end":{"line":66,"column":16}}]},"7":{"line":71,"type":"binary-expr","locations":[{"start":{"line":71,"column":29},"end":{"line":71,"column":41}},{"start":{"line":71,"column":45},"end":{"line":71,"column":91}}]},"8":{"line":72,"type":"if","locations":[{"start":{"line":72,"column":20},"end":{"line":72,"column":20}},{"start":{"line":72,"column":20},"end":{"line":72,"column":20}}]},"9":{"line":86,"type":"if","locations":[{"start":{"line":86,"column":20},"end":{"line":86,"column":20}},{"start":{"line":86,"column":20},"end":{"line":86,"column":20}}]},"10":{"line":91,"type":"if","locations":[{"start":{"line":91,"column":20},"end":{"line":91,"column":20}},{"start":{"line":91,"column":20},"end":{"line":91,"column":20}}]},"11":{"line":100,"type":"if","locations":[{"start":{"line":100,"column":28},"end":{"line":100,"column":28}},{"start":{"line":100,"column":28},"end":{"line":100,"column":28}}]},"12":{"line":107,"type":"if","locations":[{"start":{"line":107,"column":24},"end":{"line":107,"column":24}},{"start":{"line":107,"column":24},"end":{"line":107,"column":24}}]}}},"/Users/jimenez/Desktop/Yahoo!/Shaker/workspace/mojito-shaker/lib/locations/local.js":{"path":"/Users/jimenez/Desktop/Yahoo!/Shaker/workspace/mojito-shaker/lib/locations/local.js","s":{"1":1,"2":1,"3":1,"4":1,"5":1,"6":1,"7":1,"8":0,"9":1,"10":0,"11":1,"12":28,"13":28,"14":28,"15":28,"16":0,"17":28,"18":28},"b":{"1":[0,1],"2":[0,28]},"f":{"1":1,"2":28,"3":28,"4":28},"fnMap":{"1":{"name":"(anonymous_1)","line":5,"loc":{"start":{"line":5,"column":19},"end":{"line":5,"column":37}}},"2":{"name":"(anonymous_2)","line":35,"loc":{"start":{"line":35,"column":17},"end":{"line":35,"column":43}}},"3":{"name":"(anonymous_3)","line":41,"loc":{"start":{"line":41,"column":28},"end":{"line":41,"column":46}}},"4":{"name":"(anonymous_4)","line":46,"loc":{"start":{"line":46,"column":68},"end":{"line":46,"column":83}}}},"statementMap":{"1":{"start":{"line":1,"column":0},"end":{"line":3,"column":32}},"2":{"start":{"line":5,"column":0},"end":{"line":52,"column":2}},"3":{"start":{"line":6,"column":4},"end":{"line":6,"column":17}},"4":{"start":{"line":7,"column":4},"end":{"line":10,"column":10}},"5":{"start":{"line":12,"column":4},"end":{"line":22,"column":6}},"6":{"start":{"line":25,"column":4},"end":{"line":33,"column":5}},"7":{"start":{"line":27,"column":8},"end":{"line":29,"column":9}},"8":{"start":{"line":28,"column":12},"end":{"line":28,"column":46}},"9":{"start":{"line":30,"column":8},"end":{"line":31,"column":4}},"10":{"start":{"line":32,"column":8},"end":{"line":32,"column":56}},"11":{"start":{"line":35,"column":4},"end":{"line":51,"column":6}},"12":{"start":{"line":36,"column":8},"end":{"line":38,"column":65}},"13":{"start":{"line":41,"column":8},"end":{"line":50,"column":11}},"14":{"start":{"line":42,"column":12},"end":{"line":42,"column":38}},"15":{"start":{"line":43,"column":12},"end":{"line":49,"column":13}},"16":{"start":{"line":44,"column":16},"end":{"line":44,"column":32}},"17":{"start":{"line":46,"column":16},"end":{"line":48,"column":19}},"18":{"start":{"line":47,"column":20},"end":{"line":47,"column":35}}},"branchMap":{"1":{"line":27,"type":"if","locations":[{"start":{"line":27,"column":8},"end":{"line":27,"column":8}},{"start":{"line":27,"column":8},"end":{"line":27,"column":8}}]},"2":{"line":43,"type":"if","locations":[{"start":{"line":43,"column":12},"end":{"line":43,"column":12}},{"start":{"line":43,"column":12},"end":{"line":43,"column":12}}]}}}}