TN:
SF:/Users/jimenez/Desktop/Yahoo!/Shaker/workspace/mojito-shaker/lib/resources.js
FN:33,ShakerResources
FN:63,(anonymous_2)
FN:71,(anonymous_3)
FN:78,(anonymous_4)
FN:79,(anonymous_5)
FN:104,(anonymous_6)
FN:111,(anonymous_7)
FN:128,processRess
FN:192,(anonymous_9)
FN:212,(anonymous_10)
FN:213,(anonymous_11)
FN:219,(anonymous_12)
FN:220,(anonymous_13)
FN:231,(anonymous_14)
FN:240,getDependencies
FN:250,(anonymous_16)
FN:259,(anonymous_17)
FN:273,(anonymous_18)
FN:301,(anonymous_19)
FN:312,addMojitResources
FN:440,(anonymous_21)
FN:453,(anonymous_22)
FN:467,(anonymous_23)
FN:472,(anonymous_24)
FN:477,(anonymous_25)
FN:482,(anonymous_26)
FN:490,(anonymous_27)
FN:493,(anonymous_28)
FN:504,(anonymous_29)
FN:521,(anonymous_30)
FN:565,(anonymous_31)
FN:576,(anonymous_32)
FN:580,(anonymous_33)
FN:590,(anonymous_34)
FN:601,(anonymous_35)
FN:611,(anonymous_36)
FN:621,(anonymous_37)
FN:632,(anonymous_38)
FN:659,(anonymous_39)
FN:677,getMojitResourcesByContext
FN:679,(anonymous_41)
FN:686,(anonymous_42)
FN:702,getYUIModuleNamesFromResources
FN:704,(anonymous_44)
FN:714,matchDependencies
FN:716,(anonymous_46)
FN:725,(anonymous_47)
FN:768,(anonymous_48)
FN:770,(anonymous_49)
FN:772,(anonymous_50)
FN:780,(anonymous_51)
FN:797,getAppResourcesByContext
FN:799,(anonymous_53)
FN:854,(anonymous_54)
FN:879,(anonymous_55)
FN:900,(anonymous_56)
FN:911,(anonymous_57)
FN:920,(anonymous_58)
FN:937,(anonymous_59)
FN:963,(anonymous_60)
FNF:60
FNH:56
FNDA:4,ShakerResources
FNDA:1,(anonymous_2)
FNDA:4,(anonymous_3)
FNDA:2,(anonymous_4)
FNDA:82,(anonymous_5)
FNDA:0,(anonymous_6)
FNDA:1,(anonymous_7)
FNDA:8,processRess
FNDA:206,(anonymous_9)
FNDA:5,(anonymous_10)
FNDA:5,(anonymous_11)
FNDA:117,(anonymous_12)
FNDA:117,(anonymous_13)
FNDA:345,(anonymous_14)
FNDA:150,getDependencies
FNDA:291,(anonymous_16)
FNDA:27,(anonymous_17)
FNDA:300,(anonymous_18)
FNDA:4,(anonymous_19)
FNDA:48,addMojitResources
FNDA:36,(anonymous_21)
FNDA:48,(anonymous_22)
FNDA:4,(anonymous_23)
FNDA:4,(anonymous_24)
FNDA:140,(anonymous_25)
FNDA:4,(anonymous_26)
FNDA:4,(anonymous_27)
FNDA:4,(anonymous_28)
FNDA:4,(anonymous_29)
FNDA:1,(anonymous_30)
FNDA:0,(anonymous_31)
FNDA:4,(anonymous_32)
FNDA:3,(anonymous_33)
FNDA:4,(anonymous_34)
FNDA:18,(anonymous_35)
FNDA:15,(anonymous_36)
FNDA:30,(anonymous_37)
FNDA:104,(anonymous_38)
FNDA:48,(anonymous_39)
FNDA:48,getMojitResourcesByContext
FNDA:224,(anonymous_41)
FNDA:2496,(anonymous_42)
FNDA:48,getYUIModuleNamesFromResources
FNDA:376,(anonymous_44)
FNDA:0,matchDependencies
FNDA:0,(anonymous_46)
FNDA:376,(anonymous_47)
FNDA:24,(anonymous_48)
FNDA:32,(anonymous_49)
FNDA:48,(anonymous_50)
FNDA:8,(anonymous_51)
FNDA:8,getAppResourcesByContext
FNDA:416,(anonymous_53)
FNDA:4,(anonymous_54)
FNDA:4,(anonymous_55)
FNDA:3,(anonymous_56)
FNDA:1101,(anonymous_57)
FNDA:5004,(anonymous_58)
FNDA:99,(anonymous_59)
FNDA:141,(anonymous_60)
DA:3,1
DA:33,1
DA:34,4
DA:35,4
DA:36,4
DA:37,4
DA:39,4
DA:44,4
DA:45,4
DA:46,4
DA:51,4
DA:52,4
DA:54,4
DA:55,4
DA:56,4
DA:58,4
DA:61,1
DA:64,1
DA:65,1
DA:71,1
DA:72,4
DA:73,1
DA:78,1
DA:79,2
DA:80,82
DA:81,82
DA:82,30
DA:84,52
DA:85,52
DA:90,1
DA:91,1
DA:92,1
DA:95,4
DA:99,1
DA:100,1
DA:101,1
DA:105,0
DA:107,0
DA:108,0
DA:112,1
DA:113,1
DA:121,1
DA:122,1
DA:125,1
DA:126,1
DA:128,1
DA:129,8
DA:131,8
DA:132,130
DA:133,130
DA:134,7
DA:135,7
DA:137,130
DA:138,80
DA:140,50
DA:141,28
DA:144,8
DA:145,130
DA:146,130
DA:147,110
DA:149,20
DA:150,20
DA:155,1
DA:156,1
DA:158,1
DA:159,1
DA:160,1
DA:161,7
DA:162,7
DA:163,7
DA:166,1
DA:167,0
DA:169,0
DA:170,0
DA:175,1
DA:176,48
DA:178,48
DA:182,5
DA:183,5
DA:184,5
DA:189,1
DA:193,206
DA:194,206
DA:197,206
DA:198,24
DA:201,182
DA:211,182
DA:212,5
DA:213,5
DA:214,5
DA:215,5
DA:219,177
DA:220,117
DA:221,117
DA:222,117
DA:227,182
DA:228,182
DA:232,345
DA:233,345
DA:240,345
DA:241,150
DA:244,150
DA:245,150
DA:247,3
DA:250,150
DA:251,291
DA:254,291
DA:255,3
DA:256,288
DA:258,9
DA:259,9
DA:260,27
DA:261,0
DA:263,27
DA:265,279
DA:267,189
DA:268,90
DA:270,81
DA:273,291
DA:274,300
DA:276,300
DA:277,0
DA:279,300
DA:280,300
DA:281,300
DA:284,150
DA:287,345
DA:290,345
DA:291,195
DA:294,150
DA:296,150
DA:298,150
DA:302,4
DA:303,4
DA:310,4
DA:312,4
DA:313,48
DA:329,48
DA:330,16
DA:331,16
DA:332,16
DA:334,16
DA:335,0
DA:336,0
DA:337,0
DA:342,48
DA:343,6
DA:345,6
DA:346,6
DA:347,6
DA:352,48
DA:353,6
DA:354,6
DA:356,6
DA:358,6
DA:359,6
DA:363,48
DA:364,8
DA:365,0
DA:366,0
DA:367,0
DA:369,8
DA:370,8
DA:376,48
DA:377,48
DA:378,40
DA:380,40
DA:381,40
DA:383,40
DA:384,8
DA:385,8
DA:389,40
DA:391,40
DA:392,40
DA:395,40
DA:397,0
DA:398,0
DA:402,40
DA:403,0
DA:405,0
DA:406,40
DA:408,8
DA:411,40
DA:413,6
DA:416,40
DA:417,8
DA:418,8
DA:420,32
DA:421,32
DA:422,32
DA:428,48
DA:429,16
DA:433,48
DA:437,4
DA:438,4
DA:440,4
DA:441,36
DA:444,36
DA:445,28
DA:448,8
DA:453,8
DA:454,48
DA:455,48
DA:458,8
DA:460,8
DA:463,4
DA:464,4
DA:468,4
DA:469,4
DA:473,4
DA:474,4
DA:478,140
DA:479,140
DA:483,4
DA:484,4
DA:487,4
DA:490,4
DA:491,4
DA:492,4
DA:493,4
DA:494,4
DA:495,4
DA:499,4
DA:500,4
DA:501,4
DA:505,4
DA:507,4
DA:511,4
DA:512,4
DA:513,1
DA:514,1
DA:516,4
DA:517,4
DA:521,4
DA:522,1
DA:524,0
DA:525,1
DA:527,1
DA:532,4
DA:533,1
DA:534,1
DA:538,4
DA:539,1
DA:543,1
DA:546,3
DA:550,4
DA:551,0
DA:552,0
DA:557,4
DA:562,4
DA:566,0
DA:567,0
DA:569,0
DA:577,4
DA:578,4
DA:580,4
DA:581,3
DA:582,0
DA:584,3
DA:586,3
DA:591,4
DA:592,4
DA:596,4
DA:597,3
DA:598,3
DA:601,4
DA:602,18
DA:604,18
DA:605,0
DA:608,18
DA:610,3
DA:611,3
DA:612,15
DA:614,15
DA:616,9
DA:617,6
DA:618,6
DA:621,18
DA:622,30
DA:623,0
DA:625,30
DA:626,30
DA:633,104
DA:634,104
DA:641,104
DA:642,384
DA:643,384
DA:644,72
DA:646,384
DA:648,104
DA:649,156
DA:650,156
DA:651,384
DA:652,384
DA:656,104
DA:660,48
DA:661,48
DA:673,48
DA:674,0
DA:677,48
DA:678,48
DA:681,224
DA:687,2496
DA:693,48
DA:694,48
DA:695,48
DA:696,48
DA:697,48
DA:700,48
DA:702,48
DA:703,48
DA:704,48
DA:705,376
DA:706,320
DA:709,48
DA:712,48
DA:714,48
DA:715,0
DA:716,0
DA:717,0
DA:718,0
DA:721,0
DA:725,48
DA:726,376
DA:727,288
DA:729,88
DA:732,8
DA:734,8
DA:735,6
DA:737,8
DA:739,16
DA:740,16
DA:741,12
DA:743,16
DA:745,8
DA:746,6
DA:748,8
DA:750,40
DA:753,40
DA:755,40
DA:758,0
DA:759,0
DA:761,0
DA:765,48
DA:769,24
DA:770,24
DA:771,32
DA:772,32
DA:773,48
DA:774,48
DA:775,48
DA:781,8
DA:782,8
DA:792,8
DA:793,0
DA:794,0
DA:797,8
DA:798,8
DA:801,416
DA:804,8
DA:805,8
DA:808,8
DA:810,8
DA:811,8
DA:814,8
DA:818,8
DA:820,8
DA:821,8
DA:824,8
DA:826,0
DA:827,0
DA:830,8
DA:831,0
DA:833,0
DA:834,8
DA:836,0
DA:839,8
DA:841,2
DA:844,8
DA:845,8
DA:850,8
DA:851,8
DA:855,4
DA:856,4
DA:861,4
DA:862,1
DA:865,3
DA:867,3
DA:868,156
DA:869,156
DA:872,87
DA:876,3
DA:880,4
DA:881,4
DA:890,4
DA:891,0
DA:893,4
DA:896,4
DA:897,1
DA:900,3
DA:901,3
DA:902,0
DA:904,3
DA:911,3
DA:912,1101
DA:918,1101
DA:919,969
DA:920,969
DA:921,5004
DA:922,924
DA:923,924
DA:927,132
DA:930,969
DA:931,924
DA:936,924
DA:938,99
DA:939,99
DA:940,99
DA:942,3
DA:958,99
DA:959,99
DA:960,99
DA:963,99
DA:964,141
DA:967,99
DA:974,3
DA:978,1
LF:427
LH:382
BRDA:72,1,0,1
BRDA:72,1,1,3
BRDA:81,2,0,30
BRDA:81,2,1,52
BRDA:125,3,0,1
BRDA:125,3,1,1
BRDA:133,4,0,7
BRDA:133,4,1,123
BRDA:137,5,0,80
BRDA:137,5,1,50
BRDA:140,6,0,28
BRDA:140,6,1,22
BRDA:140,7,0,50
BRDA:140,7,1,28
BRDA:146,8,0,110
BRDA:146,8,1,20
BRDA:149,9,0,20
BRDA:149,9,1,0
BRDA:149,10,0,20
BRDA:149,10,1,20
BRDA:169,11,0,0
BRDA:169,11,1,0
BRDA:178,12,0,5
BRDA:178,12,1,43
BRDA:182,13,0,5
BRDA:182,13,1,0
BRDA:182,14,0,5
BRDA:182,14,1,0
BRDA:182,14,2,5
BRDA:182,14,3,0
BRDA:197,15,0,24
BRDA:197,15,1,182
BRDA:211,16,0,5
BRDA:211,16,1,177
BRDA:254,17,0,3
BRDA:254,17,1,288
BRDA:256,18,0,9
BRDA:256,18,1,279
BRDA:260,19,0,0
BRDA:260,19,1,27
BRDA:265,20,0,189
BRDA:265,20,1,90
BRDA:268,21,0,81
BRDA:268,21,1,9
BRDA:276,22,0,0
BRDA:276,22,1,300
BRDA:287,23,0,345
BRDA:287,23,1,99
BRDA:290,24,0,195
BRDA:290,24,1,150
BRDA:331,25,0,16
BRDA:331,25,1,0
BRDA:334,26,0,0
BRDA:334,26,1,16
BRDA:334,27,0,16
BRDA:334,27,1,8
BRDA:342,28,0,6
BRDA:342,28,1,42
BRDA:358,29,0,6
BRDA:358,29,1,0
BRDA:363,30,0,8
BRDA:363,30,1,40
BRDA:376,31,0,48
BRDA:376,31,1,0
BRDA:376,32,0,48
BRDA:376,32,1,48
BRDA:383,33,0,8
BRDA:383,33,1,32
BRDA:395,34,0,0
BRDA:395,34,1,40
BRDA:395,35,0,40
BRDA:395,35,1,40
BRDA:402,36,0,0
BRDA:402,36,1,40
BRDA:402,37,0,40
BRDA:402,37,1,40
BRDA:406,38,0,8
BRDA:406,38,1,32
BRDA:406,39,0,40
BRDA:406,39,1,32
BRDA:411,40,0,6
BRDA:411,40,1,34
BRDA:411,41,0,40
BRDA:411,41,1,24
BRDA:411,41,2,34
BRDA:411,41,3,16
BRDA:416,42,0,8
BRDA:416,42,1,32
BRDA:417,43,0,8
BRDA:417,43,1,0
BRDA:421,44,0,32
BRDA:421,44,1,24
BRDA:444,45,0,28
BRDA:444,45,1,8
BRDA:507,46,0,4
BRDA:507,46,1,0
BRDA:508,47,0,4
BRDA:508,47,1,0
BRDA:511,48,0,0
BRDA:511,48,1,4
BRDA:511,49,0,4
BRDA:511,49,1,2
BRDA:512,50,0,1
BRDA:512,50,1,3
BRDA:512,51,0,4
BRDA:512,51,1,1
BRDA:516,52,0,4
BRDA:516,52,1,0
BRDA:517,53,0,0
BRDA:517,53,1,4
BRDA:517,54,0,4
BRDA:517,54,1,4
BRDA:522,55,0,0
BRDA:522,55,1,1
BRDA:525,56,0,1
BRDA:525,56,1,0
BRDA:527,57,0,1
BRDA:527,57,1,0
BRDA:532,58,0,1
BRDA:532,58,1,3
BRDA:538,59,0,1
BRDA:538,59,1,3
BRDA:538,60,0,4
BRDA:538,60,1,1
BRDA:540,61,0,1
BRDA:540,61,1,1
BRDA:550,62,0,0
BRDA:550,62,1,4
BRDA:550,63,0,4
BRDA:550,63,1,1
BRDA:572,64,0,0
BRDA:572,64,1,0
BRDA:581,65,0,0
BRDA:581,65,1,3
BRDA:596,66,0,3
BRDA:596,66,1,1
BRDA:596,67,0,4
BRDA:596,67,1,4
BRDA:604,68,0,0
BRDA:604,68,1,18
BRDA:608,69,0,3
BRDA:608,69,1,15
BRDA:614,70,0,9
BRDA:614,70,1,6
BRDA:617,71,0,6
BRDA:617,71,1,0
BRDA:622,72,0,0
BRDA:622,72,1,30
BRDA:643,73,0,72
BRDA:643,73,1,312
BRDA:651,74,0,384
BRDA:651,74,1,0
BRDA:673,75,0,0
BRDA:673,75,1,48
BRDA:681,76,0,224
BRDA:681,76,1,104
BRDA:681,76,2,40
BRDA:681,77,0,224
BRDA:681,77,1,136
BRDA:681,77,2,104
BRDA:681,77,3,0
BRDA:687,78,0,2496
BRDA:687,78,1,288
BRDA:687,78,2,288
BRDA:687,79,0,2496
BRDA:687,79,1,432
BRDA:687,79,2,336
BRDA:705,80,0,320
BRDA:705,80,1,56
BRDA:705,81,0,376
BRDA:705,81,1,320
BRDA:717,82,0,0
BRDA:717,82,1,0
BRDA:726,83,0,288
BRDA:726,83,1,88
BRDA:729,84,0,8
BRDA:729,84,1,16
BRDA:729,84,2,8
BRDA:729,84,3,40
BRDA:729,84,4,0
BRDA:734,85,0,6
BRDA:734,85,1,2
BRDA:740,86,0,12
BRDA:740,86,1,4
BRDA:745,87,0,6
BRDA:745,87,1,2
BRDA:750,88,0,40
BRDA:750,88,1,0
BRDA:750,89,0,40
BRDA:750,89,1,40
BRDA:750,89,2,16
BRDA:750,89,3,24
BRDA:750,89,4,24
BRDA:758,90,0,0
BRDA:758,90,1,0
BRDA:792,91,0,0
BRDA:792,91,1,8
BRDA:792,92,0,8
BRDA:792,92,1,8
BRDA:801,93,0,416
BRDA:801,93,1,72
BRDA:801,93,2,24
BRDA:801,93,3,16
BRDA:814,94,0,8
BRDA:814,94,1,0
BRDA:814,95,0,8
BRDA:814,95,1,8
BRDA:814,95,2,8
BRDA:814,95,3,0
BRDA:814,95,4,8
BRDA:814,95,5,8
BRDA:824,96,0,0
BRDA:824,96,1,8
BRDA:824,97,0,8
BRDA:824,97,1,8
BRDA:830,98,0,0
BRDA:830,98,1,8
BRDA:830,99,0,8
BRDA:830,99,1,8
BRDA:834,100,0,0
BRDA:834,100,1,8
BRDA:834,101,0,8
BRDA:834,101,1,8
BRDA:839,102,0,2
BRDA:839,102,1,6
BRDA:839,103,0,8
BRDA:839,103,1,8
BRDA:839,103,2,6
BRDA:839,103,3,0
BRDA:844,104,0,8
BRDA:844,104,1,8
BRDA:861,105,0,1
BRDA:861,105,1,3
BRDA:861,106,0,4
BRDA:861,106,1,4
BRDA:869,107,0,87
BRDA:869,107,1,69
BRDA:869,108,0,156
BRDA:869,108,1,27
BRDA:869,108,2,135
BRDA:869,108,3,75
BRDA:869,108,4,90
BRDA:890,109,0,0
BRDA:890,109,1,4
BRDA:896,110,0,1
BRDA:896,110,1,3
BRDA:896,111,0,4
BRDA:896,111,1,4
BRDA:901,112,0,0
BRDA:901,112,1,3
BRDA:918,113,0,969
BRDA:918,113,1,132
BRDA:921,114,0,924
BRDA:921,114,1,4080
BRDA:930,115,0,924
BRDA:930,115,1,45
BRDA:958,116,0,99
BRDA:958,116,1,0
BRDA:960,117,0,99
BRDA:960,117,1,3
BRF:260
BRH:211
end_of_record
TN:
SF:/Users/jimenez/Desktop/Yahoo!/Shaker/workspace/mojito-shaker/lib/bootstrap/bootstrap.js
FN:3,(anonymous_1)
FNF:1
FNH:1
FNDA:4,(anonymous_1)
DA:3,1
DA:4,4
DA:5,4
DA:15,4
DA:16,12
DA:17,12
DA:31,4
DA:33,4
DA:45,4
LF:9
LH:9
BRF:0
BRH:0
end_of_record
TN:
SF:/Users/jimenez/Desktop/Yahoo!/Shaker/workspace/mojito-shaker/lib/yui.js
FNF:0
FNH:0
DA:1,1
LF:1
LH:1
BRF:0
BRH:0
end_of_record
TN:
SF:/Users/jimenez/Desktop/Yahoo!/Shaker/workspace/mojito-shaker/lib/compiler.js
FN:28,ShakerCompiler
FN:52,(anonymous_2)
FN:87,(anonymous_3)
FN:92,(anonymous_4)
FN:97,(anonymous_5)
FN:104,(anonymous_6)
FN:143,(anonymous_7)
FN:158,(anonymous_8)
FN:173,(anonymous_9)
FN:220,(anonymous_10)
FN:289,(anonymous_11)
FN:299,(anonymous_12)
FN:321,(anonymous_13)
FN:323,(anonymous_14)
FN:325,(anonymous_15)
FN:337,(anonymous_16)
FN:349,(anonymous_17)
FN:384,(anonymous_18)
FN:407,(anonymous_19)
FN:411,(anonymous_20)
FN:429,(anonymous_21)
FN:434,(anonymous_22)
FN:445,(anonymous_23)
FN:451,(anonymous_24)
FN:470,(anonymous_25)
FN:472,(anonymous_26)
FN:479,(anonymous_27)
FN:488,(anonymous_28)
FN:493,(anonymous_29)
FN:496,(anonymous_30)
FN:516,(anonymous_31)
FN:517,(anonymous_32)
FN:523,(anonymous_33)
FN:526,(anonymous_34)
FN:529,(anonymous_35)
FN:532,(anonymous_36)
FN:536,(anonymous_37)
FN:539,(anonymous_38)
FN:544,(anonymous_39)
FN:548,(anonymous_40)
FN:551,(anonymous_41)
FN:554,(anonymous_42)
FN:559,(anonymous_43)
FN:573,(anonymous_44)
FN:584,(anonymous_45)
FN:593,(anonymous_46)
FN:596,(anonymous_47)
FN:601,(anonymous_48)
FN:622,(anonymous_49)
FN:628,(anonymous_50)
FN:631,(anonymous_51)
FN:633,(anonymous_52)
FN:642,(anonymous_53)
FN:650,(anonymous_54)
FN:668,(anonymous_55)
FN:673,(anonymous_56)
FN:685,(anonymous_57)
FN:686,(anonymous_58)
FN:694,(anonymous_59)
FN:697,(anonymous_60)
FN:707,(anonymous_61)
FN:709,(anonymous_62)
FN:739,(anonymous_63)
FN:747,(anonymous_64)
FN:756,(anonymous_65)
FN:771,(anonymous_66)
FN:774,(anonymous_67)
FN:779,(anonymous_68)
FN:780,(anonymous_69)
FN:781,(anonymous_70)
FN:788,(anonymous_71)
FN:789,(anonymous_72)
FN:792,(anonymous_73)
FN:801,(anonymous_74)
FNF:74
FNH:73
FNDA:4,ShakerCompiler
FNDA:4,(anonymous_2)
FNDA:4,(anonymous_3)
FNDA:4,(anonymous_4)
FNDA:4,(anonymous_5)
FNDA:4,(anonymous_6)
FNDA:4,(anonymous_7)
FNDA:4,(anonymous_8)
FNDA:7,(anonymous_9)
FNDA:3,(anonymous_10)
FNDA:16,(anonymous_11)
FNDA:4,(anonymous_12)
FNDA:11,(anonymous_13)
FNDA:12,(anonymous_14)
FNDA:121,(anonymous_15)
FNDA:4,(anonymous_16)
FNDA:1,(anonymous_17)
FNDA:124,(anonymous_18)
FNDA:121,(anonymous_19)
FNDA:120,(anonymous_20)
FNDA:121,(anonymous_21)
FNDA:124,(anonymous_22)
FNDA:28,(anonymous_23)
FNDA:28,(anonymous_24)
FNDA:51,(anonymous_25)
FNDA:28,(anonymous_26)
FNDA:6,(anonymous_27)
FNDA:184,(anonymous_28)
FNDA:28,(anonymous_29)
FNDA:0,(anonymous_30)
FNDA:9,(anonymous_31)
FNDA:184,(anonymous_32)
FNDA:124,(anonymous_33)
FNDA:124,(anonymous_34)
FNDA:124,(anonymous_35)
FNDA:124,(anonymous_36)
FNDA:9,(anonymous_37)
FNDA:6,(anonymous_38)
FNDA:4,(anonymous_39)
FNDA:4,(anonymous_40)
FNDA:4,(anonymous_41)
FNDA:4,(anonymous_42)
FNDA:4,(anonymous_43)
FNDA:1,(anonymous_44)
FNDA:57,(anonymous_45)
FNDA:1,(anonymous_46)
FNDA:1,(anonymous_47)
FNDA:4,(anonymous_48)
FNDA:8,(anonymous_49)
FNDA:2,(anonymous_50)
FNDA:4,(anonymous_51)
FNDA:104,(anonymous_52)
FNDA:2,(anonymous_53)
FNDA:2,(anonymous_54)
FNDA:8,(anonymous_55)
FNDA:8,(anonymous_56)
FNDA:48,(anonymous_57)
FNDA:16,(anonymous_58)
FNDA:24,(anonymous_59)
FNDA:40,(anonymous_60)
FNDA:24,(anonymous_61)
FNDA:40,(anonymous_62)
FNDA:1,(anonymous_63)
FNDA:4,(anonymous_64)
FNDA:184,(anonymous_65)
FNDA:8,(anonymous_66)
FNDA:4,(anonymous_67)
FNDA:8,(anonymous_68)
FNDA:8,(anonymous_69)
FNDA:12,(anonymous_70)
FNDA:1,(anonymous_71)
FNDA:2,(anonymous_72)
FNDA:52,(anonymous_73)
FNDA:4,(anonymous_74)
DA:3,1
DA:28,1
DA:29,4
DA:30,4
DA:31,4
DA:32,4
DA:33,4
DA:35,4
DA:51,1
DA:53,4
DA:54,4
DA:64,4
DA:65,4
DA:66,0
DA:70,4
DA:71,4
DA:72,4
DA:75,4
DA:78,4
DA:81,4
DA:82,4
DA:83,0
DA:87,4
DA:88,4
DA:89,0
DA:92,4
DA:93,4
DA:94,0
DA:97,4
DA:98,4
DA:105,4
DA:106,4
DA:111,4
DA:112,4
DA:113,4
DA:114,4
DA:116,0
DA:120,0
DA:121,0
DA:123,0
DA:127,4
DA:128,1
DA:129,1
DA:130,1
DA:131,1
DA:132,28
DA:134,1
DA:137,0
DA:140,4
DA:144,4
DA:145,4
DA:148,4
DA:151,4
DA:152,1
DA:154,3
DA:155,1
DA:156,1
DA:158,3
DA:161,4
DA:162,0
DA:163,0
DA:166,4
DA:167,1
DA:168,1
DA:169,1
DA:173,3
DA:174,7
DA:178,7
DA:179,0
DA:180,0
DA:182,7
DA:185,7
DA:186,7
DA:187,0
DA:188,0
DA:189,0
DA:193,7
DA:195,3
DA:197,3
DA:198,3
DA:199,3
DA:200,1
DA:201,1
DA:204,0
DA:205,0
DA:213,4
DA:214,1
DA:216,3
DA:217,1
DA:218,1
DA:220,3
DA:221,3
DA:224,3
DA:227,3
DA:228,0
DA:229,0
DA:231,3
DA:234,3
DA:235,3
DA:236,0
DA:237,0
DA:238,0
DA:242,3
DA:244,2
DA:246,2
DA:247,2
DA:248,1
DA:249,1
DA:250,1
DA:253,1
DA:254,1
DA:261,4
DA:262,2
DA:264,2
DA:265,1
DA:266,1
DA:267,1
DA:268,0
DA:269,0
DA:270,1
DA:271,0
DA:272,0
DA:273,1
DA:275,0
DA:276,0
DA:277,0
DA:278,0
DA:279,0
DA:282,0
DA:283,0
DA:289,4
DA:290,16
DA:291,1
DA:292,1
DA:296,4
DA:300,4
DA:301,4
DA:303,4
DA:304,2
DA:308,2
DA:311,2
DA:312,2
DA:315,2
DA:321,2
DA:322,11
DA:323,11
DA:324,12
DA:326,121
DA:334,2
DA:338,4
DA:339,4
DA:343,4
DA:344,3
DA:346,1
DA:348,1
DA:349,1
DA:350,1
DA:351,0
DA:353,1
DA:354,1
DA:355,1
DA:356,1
DA:361,1
DA:362,0
DA:363,0
DA:364,0
DA:366,0
DA:368,0
DA:371,0
DA:372,0
DA:373,0
DA:375,0
DA:377,0
DA:381,1
DA:385,124
DA:386,124
DA:389,124
DA:390,3
DA:396,121
DA:397,44
DA:399,44
DA:400,12
DA:401,12
DA:407,121
DA:408,121
DA:410,121
DA:411,121
DA:412,120
DA:413,1
DA:414,1
DA:415,0
DA:417,1
DA:420,120
DA:421,120
DA:424,1
DA:425,1
DA:426,1
DA:427,1
DA:430,121
DA:435,124
DA:436,124
DA:440,124
DA:441,73
DA:445,51
DA:446,28
DA:450,28
DA:451,28
DA:452,28
DA:453,0
DA:454,0
DA:455,0
DA:457,0
DA:460,28
DA:461,28
DA:462,28
DA:465,0
DA:466,0
DA:467,0
DA:468,0
DA:472,51
DA:473,28
DA:475,51
DA:480,6
DA:481,6
DA:488,6
DA:489,184
DA:491,184
DA:492,64
DA:493,64
DA:494,28
DA:496,28
DA:497,0
DA:499,28
DA:504,184
DA:507,184
DA:508,3
DA:509,3
DA:513,6
DA:516,6
DA:517,9
DA:519,184
DA:520,60
DA:523,124
DA:525,124
DA:527,124
DA:530,124
DA:533,124
DA:537,9
DA:540,6
DA:545,4
DA:546,4
DA:547,4
DA:549,4
DA:552,4
DA:555,4
DA:560,4
DA:561,4
DA:564,4
DA:565,3
DA:568,1
DA:570,1
DA:573,1
DA:574,1
DA:582,1
DA:584,1
DA:585,57
DA:586,21
DA:591,1
DA:593,1
DA:594,1
DA:597,1
DA:602,4
DA:603,4
DA:609,4
DA:611,4
DA:612,1
DA:613,1
DA:614,1
DA:616,0
DA:622,4
DA:623,8
DA:627,8
DA:628,8
DA:629,2
DA:631,2
DA:632,4
DA:633,4
DA:634,104
DA:636,4
DA:637,2
DA:642,2
DA:643,2
DA:644,2
DA:651,2
DA:654,2
DA:655,2
DA:659,2
DA:660,1
DA:663,8
DA:664,7
DA:668,8
DA:669,8
DA:670,0
DA:672,8
DA:673,8
DA:674,8
DA:676,8
DA:677,4
DA:680,8
DA:681,4
DA:685,8
DA:686,48
DA:687,16
DA:694,16
DA:695,24
DA:697,24
DA:698,40
DA:702,16
DA:703,8
DA:707,16
DA:708,24
DA:709,24
DA:710,40
DA:712,24
DA:713,12
DA:716,16
DA:718,8
DA:720,8
DA:723,48
DA:724,40
DA:727,8
DA:728,4
DA:734,4
DA:736,1
DA:740,1
DA:743,3
DA:748,4
DA:749,4
DA:755,4
DA:756,4
DA:757,184
DA:758,11
DA:761,4
DA:762,0
DA:766,4
DA:769,4
DA:771,4
DA:774,8
DA:775,4
DA:779,8
DA:780,8
DA:781,8
DA:782,12
DA:788,8
DA:789,1
DA:790,2
DA:792,2
DA:793,52
DA:800,4
DA:801,4
DA:802,4
DA:803,4
DA:804,4
DA:809,1
LF:364
LH:306
BRDA:32,1,0,4
BRDA:32,1,1,0
BRDA:65,2,0,0
BRDA:65,2,1,4
BRDA:82,3,0,0
BRDA:82,3,1,4
BRDA:88,4,0,0
BRDA:88,4,1,4
BRDA:93,5,0,0
BRDA:93,5,1,4
BRDA:111,6,0,4
BRDA:111,6,1,0
BRDA:127,7,0,1
BRDA:127,7,1,3
BRDA:151,8,0,1
BRDA:151,8,1,3
BRDA:154,9,0,1
BRDA:154,9,1,2
BRDA:161,10,0,0
BRDA:161,10,1,4
BRDA:166,11,0,1
BRDA:166,11,1,3
BRDA:178,12,0,0
BRDA:178,12,1,7
BRDA:182,13,0,5
BRDA:182,13,1,2
BRDA:185,14,0,7
BRDA:185,14,1,0
BRDA:187,15,0,0
BRDA:187,15,1,0
BRDA:187,16,0,0
BRDA:187,16,1,0
BRDA:193,17,0,3
BRDA:193,17,1,4
BRDA:195,18,0,3
BRDA:195,18,1,0
BRDA:199,19,0,1
BRDA:199,19,1,2
BRDA:213,20,0,1
BRDA:213,20,1,3
BRDA:216,21,0,1
BRDA:216,21,1,2
BRDA:227,22,0,0
BRDA:227,22,1,3
BRDA:231,23,0,1
BRDA:231,23,1,2
BRDA:234,24,0,3
BRDA:234,24,1,0
BRDA:236,25,0,0
BRDA:236,25,1,0
BRDA:236,26,0,0
BRDA:236,26,1,0
BRDA:242,27,0,2
BRDA:242,27,1,1
BRDA:244,28,0,2
BRDA:244,28,1,1
BRDA:248,29,0,1
BRDA:248,29,1,0
BRDA:261,30,0,2
BRDA:261,30,1,2
BRDA:264,31,0,1
BRDA:264,31,1,1
BRDA:267,32,0,0
BRDA:267,32,1,1
BRDA:267,33,0,1
BRDA:267,33,1,1
BRDA:270,34,0,0
BRDA:270,34,1,1
BRDA:273,35,0,0
BRDA:273,35,1,1
BRDA:277,36,0,0
BRDA:277,36,1,0
BRDA:290,37,0,1
BRDA:290,37,1,15
BRDA:303,38,0,2
BRDA:303,38,1,2
BRDA:308,39,0,2
BRDA:308,39,1,2
BRDA:311,40,0,2
BRDA:311,40,1,2
BRDA:312,41,0,2
BRDA:312,41,1,2
BRDA:315,42,0,2
BRDA:315,42,1,2
BRDA:343,43,0,3
BRDA:343,43,1,1
BRDA:350,44,0,0
BRDA:350,44,1,1
BRDA:358,45,0,1
BRDA:358,45,1,0
BRDA:361,46,0,0
BRDA:361,46,1,1
BRDA:363,47,0,0
BRDA:363,47,1,0
BRDA:372,48,0,0
BRDA:372,48,1,0
BRDA:389,49,0,3
BRDA:389,49,1,121
BRDA:396,50,0,153
BRDA:396,50,1,58
BRDA:399,51,0,12
BRDA:399,51,1,32
BRDA:407,52,0,121
BRDA:407,52,1,20
BRDA:409,53,0,121
BRDA:409,53,1,0
BRDA:412,54,0,1
BRDA:412,54,1,119
BRDA:414,55,0,0
BRDA:414,55,1,1
BRDA:420,56,0,0
BRDA:420,56,1,120
BRDA:426,57,0,0
BRDA:426,57,1,1
BRDA:436,58,0,124
BRDA:436,58,1,3
BRDA:440,59,0,73
BRDA:440,59,1,51
BRDA:440,60,0,124
BRDA:440,60,1,58
BRDA:448,61,0,28
BRDA:448,61,1,2
BRDA:452,62,0,0
BRDA:452,62,1,28
BRDA:454,63,0,0
BRDA:454,63,1,0
BRDA:460,64,0,0
BRDA:460,64,1,28
BRDA:467,65,0,0
BRDA:467,65,1,0
BRDA:491,66,0,64
BRDA:491,66,1,120
BRDA:507,67,0,3
BRDA:507,67,1,181
BRDA:519,68,0,60
BRDA:519,68,1,124
BRDA:519,69,0,184
BRDA:519,69,1,63
BRDA:519,69,2,63
BRDA:562,70,0,4
BRDA:562,70,1,2
BRDA:564,71,0,3
BRDA:564,71,1,1
BRDA:585,72,0,21
BRDA:585,72,1,36
BRDA:611,73,0,1
BRDA:611,73,1,3
BRDA:628,74,0,8
BRDA:628,74,1,2
BRDA:636,75,0,2
BRDA:636,75,1,2
BRDA:659,76,0,1
BRDA:659,76,1,1
BRDA:663,77,0,7
BRDA:663,77,1,1
BRDA:669,78,0,0
BRDA:669,78,1,8
BRDA:669,79,0,8
BRDA:669,79,1,0
BRDA:676,80,0,4
BRDA:676,80,1,4
BRDA:680,81,0,4
BRDA:680,81,1,4
BRDA:695,82,0,24
BRDA:695,82,1,24
BRDA:702,83,0,8
BRDA:702,83,1,8
BRDA:712,84,0,12
BRDA:712,84,1,12
BRDA:716,85,0,8
BRDA:716,85,1,8
BRDA:723,86,0,40
BRDA:723,86,1,8
BRDA:727,87,0,4
BRDA:727,87,1,4
BRDA:734,88,0,1
BRDA:734,88,1,3
BRDA:757,89,0,11
BRDA:757,89,1,173
BRDA:757,90,0,184
BRDA:757,90,1,177
BRDA:761,91,0,0
BRDA:761,91,1,4
BRF:183
BRH:137
end_of_record
TN:
SF:/Users/jimenez/Desktop/Yahoo!/Shaker/workspace/mojito-shaker/lib/utils/colors.js
FN:29,stylize
FN:54,(anonymous_2)
FN:57,(anonymous_3)
FN:69,(anonymous_4)
FN:74,(anonymous_5)
FNF:5
FNH:3
FNDA:65,stylize
FNDA:12,(anonymous_2)
FNDA:65,(anonymous_3)
FNDA:0,(anonymous_4)
FNDA:0,(anonymous_5)
DA:29,1
DA:30,65
DA:49,65
DA:52,1
DA:55,12
DA:56,12
DA:58,65
DA:67,1
DA:68,1
DA:70,0
DA:74,0
DA:75,0
DA:76,0
DA:79,0
DA:83,0
LF:15
LH:9
BRDA:75,1,0,0
BRDA:75,1,1,0
BRF:2
BRH:0
end_of_record
TN:
SF:/Users/jimenez/Desktop/Yahoo!/Shaker/workspace/mojito-shaker/lib/utils/logger.js
FN:3,(anonymous_1)
FN:10,(anonymous_2)
FN:22,(anonymous_3)
FN:39,(anonymous_4)
FN:43,(anonymous_5)
FN:47,(anonymous_6)
FN:51,(anonymous_7)
FN:58,(anonymous_8)
FN:61,(anonymous_9)
FN:65,(anonymous_10)
FNF:10
FNH:10
FNDA:4,(anonymous_1)
FNDA:65,(anonymous_2)
FNDA:41,(anonymous_3)
FNDA:9,(anonymous_4)
FNDA:2,(anonymous_5)
FNDA:30,(anonymous_6)
FNDA:4,(anonymous_7)
FNDA:3,(anonymous_8)
FNDA:12,(anonymous_9)
FNDA:11,(anonymous_10)
DA:1,1
DA:3,1
DA:4,4
DA:5,4
DA:7,4
DA:8,4
DA:10,4
DA:11,65
DA:12,23
DA:13,42
DA:14,4
DA:15,38
DA:16,38
DA:17,0
DA:18,0
DA:22,4
DA:23,41
DA:24,41
DA:25,11
DA:32,11
DA:33,11
DA:36,41
DA:39,4
DA:40,9
DA:43,4
DA:44,2
DA:47,4
DA:48,30
DA:51,4
DA:52,4
DA:53,2
DA:54,2
DA:55,0
DA:57,4
DA:58,4
DA:59,3
DA:60,3
DA:61,3
DA:62,12
DA:63,0
DA:65,12
DA:66,11
LF:42
LH:38
BRDA:11,1,0,23
BRDA:11,1,1,42
BRDA:12,2,0,9
BRDA:12,2,1,14
BRDA:13,3,0,4
BRDA:13,3,1,38
BRDA:14,4,0,2
BRDA:14,4,1,2
BRDA:15,5,0,38
BRDA:15,5,1,0
BRDA:17,6,0,0
BRDA:17,6,1,0
BRDA:18,7,0,0
BRDA:18,7,1,0
BRDA:24,8,0,11
BRDA:24,8,1,30
BRDA:25,9,0,11
BRDA:25,9,1,3
BRDA:52,10,0,2
BRDA:52,10,1,2
BRDA:54,11,0,0
BRDA:54,11,1,2
BRDA:59,12,0,3
BRDA:59,12,1,0
BRDA:59,13,0,0
BRDA:59,13,1,0
BRDA:59,14,0,0
BRDA:59,14,1,0
BRDA:62,15,0,0
BRDA:62,15,1,12
BRF:30
BRH:18
end_of_record
TN:
SF:/Users/jimenez/Desktop/Yahoo!/Shaker/workspace/mojito-shaker/lib/tasks/csslint.js
FN:8,(anonymous_1)
FNF:1
FNH:1
FNDA:4,(anonymous_1)
DA:6,1
DA:8,1
DA:9,4
DA:11,4
DA:13,4
LF:5
LH:5
BRDA:11,1,0,4
BRDA:11,1,1,0
BRDA:13,2,0,4
BRDA:13,2,1,0
BRF:4
BRH:2
end_of_record
TN:
SF:/Users/jimenez/Desktop/Yahoo!/Shaker/workspace/mojito-shaker/lib/tasks/cssminify.js
FN:8,(anonymous_1)
FN:19,(anonymous_2)
FNF:2
FNH:2
FNDA:4,(anonymous_1)
FNDA:4,(anonymous_2)
DA:6,1
DA:8,1
DA:9,4
DA:10,4
DA:12,4
DA:15,4
DA:16,0
DA:19,4
DA:20,4
DA:21,0
DA:23,4
DA:24,4
LF:12
LH:10
BRDA:10,1,0,4
BRDA:10,1,1,0
BRDA:15,2,0,0
BRDA:15,2,1,4
BRDA:15,3,0,4
BRDA:15,3,1,4
BRDA:20,4,0,0
BRDA:20,4,1,4
BRF:8
BRH:5
end_of_record
TN:
SF:/Users/jimenez/Desktop/Yahoo!/Shaker/workspace/mojito-shaker/lib/tasks/jslint.js
FN:8,(anonymous_1)
FNF:1
FNH:1
FNDA:17,(anonymous_1)
DA:6,1
DA:8,1
DA:9,17
DA:10,17
DA:13,17
DA:15,17
DA:18,17
DA:19,17
DA:20,0
DA:23,17
LF:10
LH:9
BRDA:13,1,0,17
BRDA:13,1,1,0
BRDA:18,2,0,17
BRDA:18,2,1,0
BRDA:19,3,0,0
BRDA:19,3,1,17
BRF:6
BRH:3
end_of_record
TN:
SF:/Users/jimenez/Desktop/Yahoo!/Shaker/workspace/mojito-shaker/lib/tasks/jsminify.js
FN:9,(anonymous_1)
FN:22,(anonymous_2)
FN:38,(anonymous_3)
FNF:3
FNH:1
FNDA:94,(anonymous_1)
FNDA:0,(anonymous_2)
FNDA:0,(anonymous_3)
DA:6,1
DA:9,1
DA:10,94
DA:11,94
DA:13,94
DA:21,94
DA:22,94
DA:23,0
DA:24,0
DA:27,94
DA:29,94
DA:30,0
DA:32,94
DA:33,0
DA:36,94
DA:38,94
DA:39,0
DA:42,94
DA:43,92
DA:45,94
DA:46,94
DA:48,0
DA:49,0
DA:52,0
DA:53,0
DA:56,94
LF:26
LH:17
BRDA:11,1,0,94
BRDA:11,1,1,0
BRDA:13,2,0,94
BRDA:13,2,1,94
BRDA:27,3,0,94
BRDA:27,3,1,94
BRDA:29,4,0,0
BRDA:29,4,1,94
BRDA:32,5,0,0
BRDA:32,5,1,94
BRDA:42,6,0,92
BRDA:42,6,1,2
BRDA:48,7,0,0
BRDA:48,7,1,0
BRF:14
BRH:9
end_of_record
TN:
SF:/Users/jimenez/Desktop/Yahoo!/Shaker/workspace/mojito-shaker/lib/rollups/mojitrollup.js
FN:2,(anonymous_1)
FN:7,(anonymous_2)
FN:12,(anonymous_3)
FN:25,(anonymous_4)
FN:27,(anonymous_5)
FN:35,(anonymous_6)
FN:37,(anonymous_7)
FN:45,(anonymous_8)
FN:46,(anonymous_9)
FN:55,(anonymous_10)
FN:71,(anonymous_11)
FN:97,(anonymous_12)
FN:98,(anonymous_13)
FN:106,(anonymous_14)
FN:115,(anonymous_15)
FN:117,(anonymous_16)
FNF:16
FNH:16
FNDA:1,(anonymous_1)
FNDA:2,(anonymous_2)
FNDA:2,(anonymous_3)
FNDA:20,(anonymous_4)
FNDA:146,(anonymous_5)
FNDA:2,(anonymous_6)
FNDA:76,(anonymous_7)
FNDA:2,(anonymous_8)
FNDA:2,(anonymous_9)
FNDA:2,(anonymous_10)
FNDA:2,(anonymous_11)
FNDA:2,(anonymous_12)
FNDA:4,(anonymous_13)
FNDA:8,(anonymous_14)
FNDA:4,(anonymous_15)
FNDA:104,(anonymous_16)
DA:1,1
DA:2,1
DA:3,1
DA:4,1
DA:7,1
DA:8,2
DA:9,2
DA:12,2
DA:13,2
DA:25,2
DA:26,20
DA:27,20
DA:28,146
DA:30,20
DA:35,2
DA:36,2
DA:37,2
DA:38,76
DA:40,2
DA:45,2
DA:46,2
DA:48,2
DA:49,2
DA:55,2
DA:56,2
DA:66,2
DA:68,0
DA:71,2
DA:72,2
DA:74,0
DA:77,2
DA:78,2
DA:79,2
DA:80,2
DA:81,2
DA:86,2
DA:87,0
DA:88,0
DA:91,2
DA:92,2
DA:93,2
DA:97,2
DA:98,2
DA:100,4
DA:101,4
DA:106,2
DA:107,8
DA:108,8
DA:115,2
DA:116,4
DA:117,4
DA:118,104
DA:120,4
DA:124,1
LF:54
LH:50
BRDA:26,1,0,20
BRDA:26,1,1,0
BRDA:36,2,0,2
BRDA:36,2,1,0
BRDA:48,3,0,2
BRDA:48,3,1,0
BRDA:48,4,0,2
BRDA:48,4,1,2
BRDA:58,5,0,0
BRDA:58,5,1,2
BRDA:66,6,0,0
BRDA:66,6,1,2
BRDA:71,7,0,2
BRDA:71,7,1,2
BRDA:72,8,0,0
BRDA:72,8,1,2
BRDA:86,9,0,0
BRDA:86,9,1,2
BRDA:91,10,0,2
BRDA:91,10,1,0
BRDA:100,11,0,4
BRDA:100,11,1,0
BRDA:107,12,0,8
BRDA:107,12,1,0
BRF:24
BRH:14
end_of_record
TN:
SF:/Users/jimenez/Desktop/Yahoo!/Shaker/workspace/mojito-shaker/lib/locations/local.js
FN:5,(anonymous_1)
FN:35,(anonymous_2)
FN:41,(anonymous_3)
FN:46,(anonymous_4)
FNF:4
FNH:4
FNDA:1,(anonymous_1)
FNDA:28,(anonymous_2)
FNDA:28,(anonymous_3)
FNDA:28,(anonymous_4)
DA:1,1
DA:5,1
DA:6,1
DA:7,1
DA:12,1
DA:25,1
DA:27,1
DA:28,0
DA:30,1
DA:32,0
DA:35,1
DA:36,28
DA:41,28
DA:42,28
DA:43,28
DA:44,0
DA:46,28
DA:47,28
LF:18
LH:15
BRDA:27,1,0,0
BRDA:27,1,1,1
BRDA:43,2,0,0
BRDA:43,2,1,28
BRF:4
BRH:2
end_of_record
